This is pdfTeX, Version 3.14159265-2.6-1.40.20 (MiKTeX 2.9.7140 64-bit) (preloaded format=pdflatex 2019.9.3)  29 OCT 2019 16:29
entering extended mode
**./chp3.tex
(chp3.tex
LaTeX2e <2018-12-01>
(D:\LaTex\tex/latex/base\book.cls
Document Class: book 2018/09/03 v1.4i Standard LaTeX document class
(D:\LaTex\tex/latex/base\bk12.clo
File: bk12.clo 2018/09/03 v1.4i Standard LaTeX file (size option)
)
\c@part=\count80
\c@chapter=\count81
\c@section=\count82
\c@subsection=\count83
\c@subsubsection=\count84
\c@paragraph=\count85
\c@subparagraph=\count86
\c@figure=\count87
\c@table=\count88
\abovecaptionskip=\skip41
\belowcaptionskip=\skip42
\bibindent=\dimen102
) (D:\LaTex\tex/generic/babel\babel.sty
Package: babel 2019/07/19 3.33 The Babel package

(D:\LaTex\tex/generic/babel\switch.def
File: switch.def 2019/07/19 3.33 Babel switching mechanism
)
*************************************
* Local config file bblopts.cfg used
*
(D:\LaTex\tex/latex/arabi\bblopts.cfg
File: bblopts.cfg 2005/09/08 v0.1 add Arabic and Farsi to "declared" options of
 babel
)
(D:\LaTex\tex/latex/babel-portuges\portuges.ldf
Language: portuges 2008/03/18 v1.2q Portuguese support from the babel system

(D:\LaTex\tex/generic/babel\babel.def
File: babel.def 2019/07/19 3.33 Babel common definitions
\babel@savecnt=\count89
\U@D=\dimen103
 (D:\LaTex\tex/generic/babel\txtbabel.def)
\bbl@dirlevel=\count90
)
Package babel Info: Making " an active character on input line 145.
)) (D:\LaTex\tex/latex/listings\listings.sty
(D:\LaTex\tex/latex/graphics\keyval.sty
Package: keyval 2014/10/28 v1.15 key=value parser (DPC)
\KV@toks@=\toks14
)
\lst@mode=\count91
\lst@gtempboxa=\box27
\lst@token=\toks15
\lst@length=\count92
\lst@currlwidth=\dimen104
\lst@column=\count93
\lst@pos=\count94
\lst@lostspace=\dimen105
\lst@width=\dimen106
\lst@newlines=\count95
\lst@lineno=\count96
\lst@maxwidth=\dimen107

(D:\LaTex\tex/latex/listings\lstmisc.sty
File: lstmisc.sty 2019/09/10 1.8c (Carsten Heinz)
\c@lstnumber=\count97
\lst@skipnumbers=\count98
\lst@framebox=\box28
)
(D:\LaTex\tex/latex/listings\listings.cfg
File: listings.cfg 2019/09/10 1.8c listings configuration
))
Package: listings 2019/09/10 1.8c (Carsten Heinz)

(D:\LaTex\tex/latex/graphics\graphicx.sty
Package: graphicx 2017/06/01 v1.1a Enhanced LaTeX Graphics (DPC,SPQR)

(D:\LaTex\tex/latex/graphics\graphics.sty
Package: graphics 2017/06/25 v1.2c Standard LaTeX Graphics (DPC,SPQR)
 (D:\LaTex\tex/latex/graphics\trig.sty
Package: trig 2016/01/03 v1.10 sin cos tan (DPC)
) (D:\LaTex\tex/latex/graphics-cfg\graphics.cfg
File: graphics.cfg 2016/06/04 v1.11 sample graphics configuration
)
Package graphics Info: Driver file: pdftex.def on input line 99.

(D:\LaTex\tex/latex/graphics-def\pdftex.def
File: pdftex.def 2018/01/08 v1.0l Graphics/color driver for pdftex
))
\Gin@req@height=\dimen108
\Gin@req@width=\dimen109
)
(D:\LaTex\tex/latex/tools\calc.sty
Package: calc 2017/05/25 v4.3 Infix arithmetic (KKT,FJ)
\calc@Acount=\count99
\calc@Bcount=\count100
\calc@Adimen=\dimen110
\calc@Bdimen=\dimen111
\calc@Askip=\skip43
\calc@Bskip=\skip44
LaTeX Info: Redefining \setlength on input line 80.
LaTeX Info: Redefining \addtolength on input line 81.
\calc@Ccount=\count101
\calc@Cskip=\skip45
) (D:\LaTex\tex/latex/amsmath\amsmath.sty
Package: amsmath 2018/12/01 v2.17b AMS math features
\@mathmargin=\skip46

For additional information on amsmath, use the `?' option.
(D:\LaTex\tex/latex/amsmath\amstext.sty
Package: amstext 2000/06/29 v2.01 AMS text
 (D:\LaTex\tex/latex/amsmath\amsgen.sty
File: amsgen.sty 1999/11/30 v2.0 generic functions
\@emptytoks=\toks16
\ex@=\dimen112
)) (D:\LaTex\tex/latex/amsmath\amsbsy.sty
Package: amsbsy 1999/11/29 v1.2d Bold Symbols
\pmbraise@=\dimen113
)
(D:\LaTex\tex/latex/amsmath\amsopn.sty
Package: amsopn 2016/03/08 v2.02 operator names
)
\inf@bad=\count102
LaTeX Info: Redefining \frac on input line 223.
\uproot@=\count103
\leftroot@=\count104
LaTeX Info: Redefining \overline on input line 385.
\classnum@=\count105
\DOTSCASE@=\count106
LaTeX Info: Redefining \ldots on input line 482.
LaTeX Info: Redefining \dots on input line 485.
LaTeX Info: Redefining \cdots on input line 606.
\Mathstrutbox@=\box29
\strutbox@=\box30
\big@size=\dimen114
LaTeX Font Info:    Redeclaring font encoding OML on input line 729.
LaTeX Font Info:    Redeclaring font encoding OMS on input line 730.
\macc@depth=\count107
\c@MaxMatrixCols=\count108
\dotsspace@=\muskip10
\c@parentequation=\count109
\dspbrk@lvl=\count110
\tag@help=\toks17
\row@=\count111
\column@=\count112
\maxfields@=\count113
\andhelp@=\toks18
\eqnshift@=\dimen115
\alignsep@=\dimen116
\tagshift@=\dimen117
\tagwidth@=\dimen118
\totwidth@=\dimen119
\lineht@=\dimen120
\@envbody=\toks19
\multlinegap=\skip47
\multlinetaggap=\skip48
\mathdisplay@stack=\toks20
LaTeX Info: Redefining \[ on input line 2844.
LaTeX Info: Redefining \] on input line 2845.
)
(D:\LaTex\tex/latex/bigints\bigints.sty
Package: bigints 2010/02/15 Writing big integrals
Package bigints Info: This is Bigints by Merciadri Luca. on input line 5.
)
(D:\LaTex\tex/latex/pgf/frontendlayer\tikz.sty
(D:\LaTex\tex/latex/pgf/basiclayer\pgf.sty
(D:\LaTex\tex/latex/pgf/utilities\pgfrcs.sty
(D:\LaTex\tex/generic/pgf/utilities\pgfutil-common.tex
\pgfutil@everybye=\toks21
\pgfutil@tempdima=\dimen121
\pgfutil@tempdimb=\dimen122

(D:\LaTex\tex/generic/pgf/utilities\pgfutil-common-lists.tex))
(D:\LaTex\tex/generic/pgf/utilities\pgfutil-latex.def
\pgfutil@abb=\box31

(D:\LaTex\tex/latex/ms\everyshi.sty
Package: everyshi 2001/05/15 v3.00 EveryShipout Package (MS)
))
(D:\LaTex\tex/generic/pgf/utilities\pgfrcs.code.tex
(D:\LaTex\tex/generic/pgf\pgf.revision.tex)
Package: pgfrcs 2019/08/03 v3.1.4b (3.1.4b)
))
Package: pgf 2019/08/03 v3.1.4b (3.1.4b)

(D:\LaTex\tex/latex/pgf/basiclayer\pgfcore.sty
(D:\LaTex\tex/latex/pgf/systemlayer\pgfsys.sty
(D:\LaTex\tex/generic/pgf/systemlayer\pgfsys.code.tex
Package: pgfsys 2019/08/03 v3.1.4b (3.1.4b)

(D:\LaTex\tex/generic/pgf/utilities\pgfkeys.code.tex
\pgfkeys@pathtoks=\toks22
\pgfkeys@temptoks=\toks23

(D:\LaTex\tex/generic/pgf/utilities\pgfkeysfiltered.code.tex
\pgfkeys@tmptoks=\toks24
))
\pgf@x=\dimen123
\pgf@y=\dimen124
\pgf@xa=\dimen125
\pgf@ya=\dimen126
\pgf@xb=\dimen127
\pgf@yb=\dimen128
\pgf@xc=\dimen129
\pgf@yc=\dimen130
\pgf@xd=\dimen131
\pgf@yd=\dimen132
\w@pgf@writea=\write3
\r@pgf@reada=\read1
\c@pgf@counta=\count114
\c@pgf@countb=\count115
\c@pgf@countc=\count116
\c@pgf@countd=\count117
\t@pgf@toka=\toks25
\t@pgf@tokb=\toks26
\t@pgf@tokc=\toks27
\pgf@sys@id@count=\count118

(D:\LaTex\tex/generic/pgf/systemlayer\pgf.cfg
File: pgf.cfg 2019/08/03 v3.1.4b (3.1.4b)
)
Driver file for pgf: pgfsys-pdftex.def

(D:\LaTex\tex/generic/pgf/systemlayer\pgfsys-pdftex.def
File: pgfsys-pdftex.def 2019/08/03 v3.1.4b (3.1.4b)

(D:\LaTex\tex/generic/pgf/systemlayer\pgfsys-common-pdf.def
File: pgfsys-common-pdf.def 2019/08/03 v3.1.4b (3.1.4b)
)))
(D:\LaTex\tex/generic/pgf/systemlayer\pgfsyssoftpath.code.tex
File: pgfsyssoftpath.code.tex 2019/08/03 v3.1.4b (3.1.4b)
\pgfsyssoftpath@smallbuffer@items=\count119
\pgfsyssoftpath@bigbuffer@items=\count120
)
(D:\LaTex\tex/generic/pgf/systemlayer\pgfsysprotocol.code.tex
File: pgfsysprotocol.code.tex 2019/08/03 v3.1.4b (3.1.4b)
))
(D:\LaTex\tex/latex/xcolor\xcolor.sty
Package: xcolor 2016/05/11 v2.12 LaTeX color extensions (UK)

(D:\LaTex\tex/latex/graphics-cfg\color.cfg
File: color.cfg 2016/01/02 v1.6 sample color configuration
)
Package xcolor Info: Driver file: pdftex.def on input line 225.
Package xcolor Info: Model `cmy' substituted by `cmy0' on input line 1348.
Package xcolor Info: Model `hsb' substituted by `rgb' on input line 1352.
Package xcolor Info: Model `RGB' extended on input line 1364.
Package xcolor Info: Model `HTML' substituted by `rgb' on input line 1366.
Package xcolor Info: Model `Hsb' substituted by `hsb' on input line 1367.
Package xcolor Info: Model `tHsb' substituted by `hsb' on input line 1368.
Package xcolor Info: Model `HSB' substituted by `hsb' on input line 1369.
Package xcolor Info: Model `Gray' substituted by `gray' on input line 1370.
Package xcolor Info: Model `wave' substituted by `hsb' on input line 1371.
)
(D:\LaTex\tex/generic/pgf/basiclayer\pgfcore.code.tex
Package: pgfcore 2019/08/03 v3.1.4b (3.1.4b)

(D:\LaTex\tex/generic/pgf/math\pgfmath.code.tex
(D:\LaTex\tex/generic/pgf/math\pgfmathcalc.code.tex
(D:\LaTex\tex/generic/pgf/math\pgfmathutil.code.tex)
(D:\LaTex\tex/generic/pgf/math\pgfmathparser.code.tex
\pgfmath@dimen=\dimen133
\pgfmath@count=\count121
\pgfmath@box=\box32
\pgfmath@toks=\toks28
\pgfmath@stack@operand=\toks29
\pgfmath@stack@operation=\toks30
)
(D:\LaTex\tex/generic/pgf/math\pgfmathfunctions.code.tex
(D:\LaTex\tex/generic/pgf/math\pgfmathfunctions.basic.code.tex)
(D:\LaTex\tex/generic/pgf/math\pgfmathfunctions.trigonometric.code.tex)
(D:\LaTex\tex/generic/pgf/math\pgfmathfunctions.random.code.tex)
(D:\LaTex\tex/generic/pgf/math\pgfmathfunctions.comparison.code.tex)
(D:\LaTex\tex/generic/pgf/math\pgfmathfunctions.base.code.tex)
(D:\LaTex\tex/generic/pgf/math\pgfmathfunctions.round.code.tex)
(D:\LaTex\tex/generic/pgf/math\pgfmathfunctions.misc.code.tex)
(D:\LaTex\tex/generic/pgf/math\pgfmathfunctions.integerarithmetics.code.tex)))
(D:\LaTex\tex/generic/pgf/math\pgfmathfloat.code.tex
\c@pgfmathroundto@lastzeros=\count122
))
(D:\LaTex\tex/generic/pgf/math\pgfint.code.tex)
(D:\LaTex\tex/generic/pgf/basiclayer\pgfcorepoints.code.tex
File: pgfcorepoints.code.tex 2019/08/03 v3.1.4b (3.1.4b)
\pgf@picminx=\dimen134
\pgf@picmaxx=\dimen135
\pgf@picminy=\dimen136
\pgf@picmaxy=\dimen137
\pgf@pathminx=\dimen138
\pgf@pathmaxx=\dimen139
\pgf@pathminy=\dimen140
\pgf@pathmaxy=\dimen141
\pgf@xx=\dimen142
\pgf@xy=\dimen143
\pgf@yx=\dimen144
\pgf@yy=\dimen145
\pgf@zx=\dimen146
\pgf@zy=\dimen147
)
(D:\LaTex\tex/generic/pgf/basiclayer\pgfcorepathconstruct.code.tex
File: pgfcorepathconstruct.code.tex 2019/08/03 v3.1.4b (3.1.4b)
\pgf@path@lastx=\dimen148
\pgf@path@lasty=\dimen149
)
(D:\LaTex\tex/generic/pgf/basiclayer\pgfcorepathusage.code.tex
File: pgfcorepathusage.code.tex 2019/08/03 v3.1.4b (3.1.4b)
\pgf@shorten@end@additional=\dimen150
\pgf@shorten@start@additional=\dimen151
)
(D:\LaTex\tex/generic/pgf/basiclayer\pgfcorescopes.code.tex
File: pgfcorescopes.code.tex 2019/08/03 v3.1.4b (3.1.4b)
\pgfpic=\box33
\pgf@hbox=\box34
\pgf@layerbox@main=\box35
\pgf@picture@serial@count=\count123
)
(D:\LaTex\tex/generic/pgf/basiclayer\pgfcoregraphicstate.code.tex
File: pgfcoregraphicstate.code.tex 2019/08/03 v3.1.4b (3.1.4b)
\pgflinewidth=\dimen152
)
(D:\LaTex\tex/generic/pgf/basiclayer\pgfcoretransformations.code.tex
File: pgfcoretransformations.code.tex 2019/08/03 v3.1.4b (3.1.4b)
\pgf@pt@x=\dimen153
\pgf@pt@y=\dimen154
\pgf@pt@temp=\dimen155
)
(D:\LaTex\tex/generic/pgf/basiclayer\pgfcorequick.code.tex
File: pgfcorequick.code.tex 2019/08/03 v3.1.4b (3.1.4b)
)
(D:\LaTex\tex/generic/pgf/basiclayer\pgfcoreobjects.code.tex
File: pgfcoreobjects.code.tex 2019/08/03 v3.1.4b (3.1.4b)
)
(D:\LaTex\tex/generic/pgf/basiclayer\pgfcorepathprocessing.code.tex
File: pgfcorepathprocessing.code.tex 2019/08/03 v3.1.4b (3.1.4b)
)
(D:\LaTex\tex/generic/pgf/basiclayer\pgfcorearrows.code.tex
File: pgfcorearrows.code.tex 2019/08/03 v3.1.4b (3.1.4b)
\pgfarrowsep=\dimen156
)
(D:\LaTex\tex/generic/pgf/basiclayer\pgfcoreshade.code.tex
File: pgfcoreshade.code.tex 2019/08/03 v3.1.4b (3.1.4b)
\pgf@max=\dimen157
\pgf@sys@shading@range@num=\count124
\pgf@shadingcount=\count125
)
(D:\LaTex\tex/generic/pgf/basiclayer\pgfcoreimage.code.tex
File: pgfcoreimage.code.tex 2019/08/03 v3.1.4b (3.1.4b)

(D:\LaTex\tex/generic/pgf/basiclayer\pgfcoreexternal.code.tex
File: pgfcoreexternal.code.tex 2019/08/03 v3.1.4b (3.1.4b)
\pgfexternal@startupbox=\box36
))
(D:\LaTex\tex/generic/pgf/basiclayer\pgfcorelayers.code.tex
File: pgfcorelayers.code.tex 2019/08/03 v3.1.4b (3.1.4b)
)
(D:\LaTex\tex/generic/pgf/basiclayer\pgfcoretransparency.code.tex
File: pgfcoretransparency.code.tex 2019/08/03 v3.1.4b (3.1.4b)
)
(D:\LaTex\tex/generic/pgf/basiclayer\pgfcorepatterns.code.tex
File: pgfcorepatterns.code.tex 2019/08/03 v3.1.4b (3.1.4b)
)
(D:\LaTex\tex/generic/pgf/basiclayer\pgfcorerdf.code.tex
File: pgfcorerdf.code.tex 2019/08/03 v3.1.4b (3.1.4b)
)))
(D:\LaTex\tex/generic/pgf/modules\pgfmoduleshapes.code.tex
File: pgfmoduleshapes.code.tex 2019/08/03 v3.1.4b (3.1.4b)
\pgfnodeparttextbox=\box37
)
(D:\LaTex\tex/generic/pgf/modules\pgfmoduleplot.code.tex
File: pgfmoduleplot.code.tex 2019/08/03 v3.1.4b (3.1.4b)
)
(D:\LaTex\tex/latex/pgf/compatibility\pgfcomp-version-0-65.sty
Package: pgfcomp-version-0-65 2019/08/03 v3.1.4b (3.1.4b)
\pgf@nodesepstart=\dimen158
\pgf@nodesepend=\dimen159
)
(D:\LaTex\tex/latex/pgf/compatibility\pgfcomp-version-1-18.sty
Package: pgfcomp-version-1-18 2019/08/03 v3.1.4b (3.1.4b)
))
(D:\LaTex\tex/latex/pgf/utilities\pgffor.sty
(D:\LaTex\tex/latex/pgf/utilities\pgfkeys.sty
(D:\LaTex\tex/generic/pgf/utilities\pgfkeys.code.tex))
(D:\LaTex\tex/latex/pgf/math\pgfmath.sty
(D:\LaTex\tex/generic/pgf/math\pgfmath.code.tex))
(D:\LaTex\tex/generic/pgf/utilities\pgffor.code.tex
Package: pgffor 2019/08/03 v3.1.4b (3.1.4b)

(D:\LaTex\tex/generic/pgf/math\pgfmath.code.tex)
\pgffor@iter=\dimen160
\pgffor@skip=\dimen161
\pgffor@stack=\toks31
\pgffor@toks=\toks32
))
(D:\LaTex\tex/generic/pgf/frontendlayer/tikz\tikz.code.tex
Package: tikz 2019/08/03 v3.1.4b (3.1.4b)

(D:\LaTex\tex/generic/pgf/libraries\pgflibraryplothandlers.code.tex
File: pgflibraryplothandlers.code.tex 2019/08/03 v3.1.4b (3.1.4b)
\pgf@plot@mark@count=\count126
\pgfplotmarksize=\dimen162
)
\tikz@lastx=\dimen163
\tikz@lasty=\dimen164
\tikz@lastxsaved=\dimen165
\tikz@lastysaved=\dimen166
\tikz@lastmovetox=\dimen167
\tikz@lastmovetoy=\dimen168
\tikzleveldistance=\dimen169
\tikzsiblingdistance=\dimen170
\tikz@figbox=\box38
\tikz@figbox@bg=\box39
\tikz@tempbox=\box40
\tikz@tempbox@bg=\box41
\tikztreelevel=\count127
\tikznumberofchildren=\count128
\tikznumberofcurrentchild=\count129
\tikz@fig@count=\count130

(D:\LaTex\tex/generic/pgf/modules\pgfmodulematrix.code.tex
File: pgfmodulematrix.code.tex 2019/08/03 v3.1.4b (3.1.4b)
\pgfmatrixcurrentrow=\count131
\pgfmatrixcurrentcolumn=\count132
\pgf@matrix@numberofcolumns=\count133
)
\tikz@expandcount=\count134

(D:\LaTex\tex/generic/pgf/frontendlayer/tikz/libraries\tikzlibrarytopaths.code.
tex
File: tikzlibrarytopaths.code.tex 2019/08/03 v3.1.4b (3.1.4b)
)))
(D:\LaTex\tex/generic/pgf/frontendlayer/tikz/libraries\tikzlibraryshapes.geomet
ric.code.tex
File: tikzlibraryshapes.geometric.code.tex 2019/08/03 v3.1.4b (3.1.4b)

(D:\LaTex\tex/generic/pgf/libraries/shapes\pgflibraryshapes.geometric.code.tex
File: pgflibraryshapes.geometric.code.tex 2019/08/03 v3.1.4b (3.1.4b)
))
(D:\LaTex\tex/generic/pgf/frontendlayer/tikz/libraries\tikzlibraryshapes.code.t
ex
File: tikzlibraryshapes.code.tex 2019/08/03 v3.1.4b (3.1.4b)

(D:\LaTex\tex/generic/pgf/frontendlayer/tikz/libraries\tikzlibraryshapes.misc.c
ode.tex
File: tikzlibraryshapes.misc.code.tex 2019/08/03 v3.1.4b (3.1.4b)

(D:\LaTex\tex/generic/pgf/libraries/shapes\pgflibraryshapes.misc.code.tex
File: pgflibraryshapes.misc.code.tex 2019/08/03 v3.1.4b (3.1.4b)
))
(D:\LaTex\tex/generic/pgf/frontendlayer/tikz/libraries\tikzlibraryshapes.symbol
s.code.tex
File: tikzlibraryshapes.symbols.code.tex 2019/08/03 v3.1.4b (3.1.4b)

(D:\LaTex\tex/generic/pgf/libraries/shapes\pgflibraryshapes.symbols.code.tex
File: pgflibraryshapes.symbols.code.tex 2019/08/03 v3.1.4b (3.1.4b)
))
(D:\LaTex\tex/generic/pgf/frontendlayer/tikz/libraries\tikzlibraryshapes.arrows
.code.tex
File: tikzlibraryshapes.arrows.code.tex 2019/08/03 v3.1.4b (3.1.4b)

(D:\LaTex\tex/generic/pgf/libraries/shapes\pgflibraryshapes.arrows.code.tex
File: pgflibraryshapes.arrows.code.tex 2019/08/03 v3.1.4b (3.1.4b)
))
(D:\LaTex\tex/generic/pgf/frontendlayer/tikz/libraries\tikzlibraryshapes.callou
ts.code.tex
(D:\LaTex\tex/generic/pgf/libraries/shapes\pgflibraryshapes.callouts.code.tex))

(D:\LaTex\tex/generic/pgf/frontendlayer/tikz/libraries\tikzlibraryshapes.multip
art.code.tex
File: tikzlibraryshapes.multipart.code.tex 2019/08/03 v3.1.4b (3.1.4b)

(D:\LaTex\tex/generic/pgf/libraries/shapes\pgflibraryshapes.multipart.code.tex
File: pgflibraryshapes.multipart.code.tex 2019/08/03 v3.1.4b (3.1.4b)
\pgfnodepartlowerbox=\box42
\pgfnodeparttwobox=\box43
\pgfnodepartthreebox=\box44
\pgfnodepartfourbox=\box45
\pgfnodeparttwentybox=\box46
\pgfnodepartnineteenbox=\box47
\pgfnodeparteighteenbox=\box48
\pgfnodepartseventeenbox=\box49
\pgfnodepartsixteenbox=\box50
\pgfnodepartfifteenbox=\box51
\pgfnodepartfourteenbox=\box52
\pgfnodepartthirteenbox=\box53
\pgfnodeparttwelvebox=\box54
\pgfnodepartelevenbox=\box55
\pgfnodeparttenbox=\box56
\pgfnodepartninebox=\box57
\pgfnodeparteightbox=\box58
\pgfnodepartsevenbox=\box59
\pgfnodepartsixbox=\box60
\pgfnodepartfivebox=\box61
)))
(D:\LaTex\tex/generic/pgf/frontendlayer/tikz/libraries\tikzlibraryarrows.code.t
ex
File: tikzlibraryarrows.code.tex 2019/08/03 v3.1.4b (3.1.4b)
 (D:\LaTex\tex/generic/pgf/libraries\pgflibraryarrows.code.tex
File: pgflibraryarrows.code.tex 2019/08/03 v3.1.4b (3.1.4b)
\arrowsize=\dimen171
))
(D:\LaTex\tex/latex/float\float.sty
Package: float 2001/11/08 v1.3d Float enhancements (AL)
\c@float@type=\count135
\float@exts=\toks33
\float@box=\box62
\@float@everytoks=\toks34
\@floatcapt=\box63
) (chp3.aux

LaTeX Warning: Label `fig:your image label' multiply defined.


LaTeX Warning: Label `fig:your image label' multiply defined.


LaTeX Warning: Label `fig:esquema_pll' multiply defined.


LaTeX Warning: Label `fig:esquema_pll' multiply defined.


LaTeX Warning: Label `fig:esquema_pll' multiply defined.


LaTeX Warning: Label `fig:esquema_pll' multiply defined.


LaTeX Warning: Label `fig:esquema_pll' multiply defined.


LaTeX Warning: Label `fig:esquema_pll' multiply defined.

)
\openout1 = `chp3.aux'.

LaTeX Font Info:    Checking defaults for OML/cmm/m/it on input line 20.
LaTeX Font Info:    ... okay on input line 20.
LaTeX Font Info:    Checking defaults for T1/cmr/m/n on input line 20.
LaTeX Font Info:    ... okay on input line 20.
LaTeX Font Info:    Checking defaults for OT1/cmr/m/n on input line 20.
LaTeX Font Info:    ... okay on input line 20.
LaTeX Font Info:    Checking defaults for OMS/cmsy/m/n on input line 20.
LaTeX Font Info:    ... okay on input line 20.
LaTeX Font Info:    Checking defaults for OMX/cmex/m/n on input line 20.
LaTeX Font Info:    ... okay on input line 20.
LaTeX Font Info:    Checking defaults for U/cmr/m/n on input line 20.
LaTeX Font Info:    ... okay on input line 20.
\c@lstlisting=\count136
 (D:\LaTex\tex/context/base/mkii\supp-pdf.mkii
[Loading MPS to PDF converter (version 2006.09.02).]
\scratchcounter=\count137
\scratchdimen=\dimen172
\scratchbox=\box64
\nofMPsegments=\count138
\nofMParguments=\count139
\everyMPshowfont=\toks35
\MPscratchCnt=\count140
\MPscratchDim=\dimen173
\MPnumerator=\count141
\makeMPintoPDFobject=\count142
\everyMPtoPDFconversion=\toks36
) (D:\LaTex\tex/latex/oberdiek\epstopdf-base.sty
Package: epstopdf-base 2016/05/15 v2.6 Base part for package epstopdf

(D:\LaTex\tex/generic/oberdiek\infwarerr.sty
Package: infwarerr 2016/05/16 v1.4 Providing info/warning/error messages (HO)
)
(D:\LaTex\tex/latex/oberdiek\grfext.sty
Package: grfext 2016/05/16 v1.2 Manage graphics extensions (HO)

(D:\LaTex\tex/generic/oberdiek\kvdefinekeys.sty
Package: kvdefinekeys 2016/05/16 v1.4 Define keys (HO)

(D:\LaTex\tex/generic/oberdiek\ltxcmds.sty
Package: ltxcmds 2016/05/16 v1.23 LaTeX kernel commands for general use (HO)
)))
(D:\LaTex\tex/latex/oberdiek\kvoptions.sty
Package: kvoptions 2016/05/16 v3.12 Key value format for package options (HO)

(D:\LaTex\tex/generic/oberdiek\kvsetkeys.sty
Package: kvsetkeys 2016/05/16 v1.17 Key value parser (HO)

(D:\LaTex\tex/generic/oberdiek\etexcmds.sty
Package: etexcmds 2016/05/16 v1.6 Avoid name clashes with e-TeX commands (HO)

(D:\LaTex\tex/generic/oberdiek\ifluatex.sty
Package: ifluatex 2016/05/16 v1.4 Provides the ifluatex switch (HO)
Package ifluatex Info: LuaTeX not detected.
))))
(D:\LaTex\tex/generic/oberdiek\pdftexcmds.sty
Package: pdftexcmds 2019/07/25 v0.30 Utility functions of pdfTeX for LuaTeX (HO
)

(D:\LaTex\tex/generic/oberdiek\ifpdf.sty
Package: ifpdf 2018/09/07 v3.3 Provides the ifpdf switch
)
Package pdftexcmds Info: LuaTeX not detected.
Package pdftexcmds Info: \pdf@primitive is available.
Package pdftexcmds Info: \pdf@ifprimitive is available.
Package pdftexcmds Info: \pdfdraftmode found.
)
Package epstopdf-base Info: Redefining graphics rule for `.eps' on input line 4
38.
Package grfext Info: Graphics extension search list:
(grfext)             [.pdf,.png,.jpg,.mps,.jpeg,.jbig2,.jb2,.PDF,.PNG,.JPG,.JPE
G,.JBIG2,.JB2,.eps]
(grfext)             \AppendGraphicsExtensions on input line 456.
)
ABD: EveryShipout initializing macros (simple_pll_harmonicos.pdf_tex
<simple_pll_harmonicos.pdf, id=4, page=1, 421.575pt x 316.18124pt>
File: simple_pll_harmonicos.pdf Graphic file (type pdf)
<use simple_pll_harmonicos.pdf, page 1>
Package pdftex.def Info: simple_pll_harmonicos.pdf , page1 used on input line 5
6.
(pdftex.def)             Requested size: 390.0pt x 292.50648pt.
<simple_pll_harmonicos.pdf, id=5, page=2, 421.575pt x 316.18124pt>
File: simple_pll_harmonicos.pdf Graphic file (type pdf)
<use simple_pll_harmonicos.pdf, page 2>
Package pdftex.def Info: simple_pll_harmonicos.pdf , page2 used on input line 5
8.
(pdftex.def)             Requested size: 390.0pt x 292.50648pt.
<simple_pll_harmonicos.pdf, id=6, page=3, 421.575pt x 316.18124pt>
File: simple_pll_harmonicos.pdf Graphic file (type pdf)
<use simple_pll_harmonicos.pdf, page 3>
Package pdftex.def Info: simple_pll_harmonicos.pdf , page3 used on input line 6
8.
(pdftex.def)             Requested size: 390.0pt x 292.50648pt.
<simple_pll_harmonicos.pdf, id=7, page=4, 421.575pt x 316.18124pt>
File: simple_pll_harmonicos.pdf Graphic file (type pdf)
<use simple_pll_harmonicos.pdf, page 4>
Package pdftex.def Info: simple_pll_harmonicos.pdf , page4 used on input line 7
2.
(pdftex.def)             Requested size: 390.0pt x 292.50648pt.
<simple_pll_harmonicos.pdf, id=8, page=5, 421.575pt x 316.18124pt>
File: simple_pll_harmonicos.pdf Graphic file (type pdf)
<use simple_pll_harmonicos.pdf, page 5>
Package pdftex.def Info: simple_pll_harmonicos.pdf , page5 used on input line 7
4.
(pdftex.def)             Requested size: 390.0pt x 292.50648pt.
<simple_pll_harmonicos.pdf, id=9, page=6, 421.575pt x 316.18124pt>
File: simple_pll_harmonicos.pdf Graphic file (type pdf)
<use simple_pll_harmonicos.pdf, page 6>
Package pdftex.def Info: simple_pll_harmonicos.pdf , page6 used on input line 7
6.
(pdftex.def)             Requested size: 390.0pt x 292.50648pt.
<simple_pll_harmonicos.pdf, id=10, page=7, 421.575pt x 316.18124pt>
File: simple_pll_harmonicos.pdf Graphic file (type pdf)
<use simple_pll_harmonicos.pdf, page 7>
Package pdftex.def Info: simple_pll_harmonicos.pdf , page7 used on input line 8
6.
(pdftex.def)             Requested size: 390.0pt x 292.50648pt.
<simple_pll_harmonicos.pdf, id=11, page=8, 421.575pt x 316.18124pt>
File: simple_pll_harmonicos.pdf Graphic file (type pdf)
<use simple_pll_harmonicos.pdf, page 8>
Package pdftex.def Info: simple_pll_harmonicos.pdf , page8 used on input line 9
1.
(pdftex.def)             Requested size: 390.0pt x 292.50648pt.
)
(pll_ruido.pdf_tex
<pll_ruido.pdf, id=12, page=1, 421.575pt x 316.18124pt>
File: pll_ruido.pdf Graphic file (type pdf)
<use pll_ruido.pdf, page 1>
Package pdftex.def Info: pll_ruido.pdf , page1 used on input line 56.
(pdftex.def)             Requested size: 390.0pt x 292.50648pt.
<pll_ruido.pdf, id=13, page=2, 421.575pt x 316.18124pt>
File: pll_ruido.pdf Graphic file (type pdf)
<use pll_ruido.pdf, page 2>
Package pdftex.def Info: pll_ruido.pdf , page2 used on input line 58.
(pdftex.def)             Requested size: 390.0pt x 292.50648pt.
<pll_ruido.pdf, id=14, page=3, 421.575pt x 316.18124pt>
File: pll_ruido.pdf Graphic file (type pdf)
<use pll_ruido.pdf, page 3>
Package pdftex.def Info: pll_ruido.pdf , page3 used on input line 68.
(pdftex.def)             Requested size: 390.0pt x 292.50648pt.
<pll_ruido.pdf, id=15, page=4, 421.575pt x 316.18124pt>
File: pll_ruido.pdf Graphic file (type pdf)
<use pll_ruido.pdf, page 4>
Package pdftex.def Info: pll_ruido.pdf , page4 used on input line 72.
(pdftex.def)             Requested size: 390.0pt x 292.50648pt.
<pll_ruido.pdf, id=16, page=5, 421.575pt x 316.18124pt>
File: pll_ruido.pdf Graphic file (type pdf)
<use pll_ruido.pdf, page 5>
Package pdftex.def Info: pll_ruido.pdf , page5 used on input line 74.
(pdftex.def)             Requested size: 390.0pt x 292.50648pt.
<pll_ruido.pdf, id=17, page=6, 421.575pt x 316.18124pt>
File: pll_ruido.pdf Graphic file (type pdf)
<use pll_ruido.pdf, page 6>
Package pdftex.def Info: pll_ruido.pdf , page6 used on input line 76.
(pdftex.def)             Requested size: 390.0pt x 292.50648pt.
<pll_ruido.pdf, id=18, page=7, 421.575pt x 316.18124pt>
File: pll_ruido.pdf Graphic file (type pdf)
<use pll_ruido.pdf, page 7>
Package pdftex.def Info: pll_ruido.pdf , page7 used on input line 86.
(pdftex.def)             Requested size: 390.0pt x 292.50648pt.
<pll_ruido.pdf, id=19, page=8, 421.575pt x 316.18124pt>
File: pll_ruido.pdf Graphic file (type pdf)
<use pll_ruido.pdf, page 8>
Package pdftex.def Info: pll_ruido.pdf , page8 used on input line 91.
(pdftex.def)             Requested size: 390.0pt x 292.50648pt.
) [1{C:/Users/gadum/AppData/Local/MiKTeX/2.9/pdftex/config/pdftex.map}

 <./simple_pll_harmonicos.pdf> <./simple_pll_harmonicos.pdf

pdfTeX warning: pdflatex.exe (file ./simple_pll_harmonicos.pdf): PDF inclusion:
 multiple pdfs with page group included in a single page
> <./simple_pll_harmonicos.pdf

pdfTeX warning: pdflatex.exe (file ./simple_pll_harmonicos.pdf): PDF inclusion:
 multiple pdfs with page group included in a single page
> <./simple_pll_harmonicos.pdf

pdfTeX warning: pdflatex.exe (file ./simple_pll_harmonicos.pdf): PDF inclusion:
 multiple pdfs with page group included in a single page
> <./simple_pll_harmonicos.pdf

pdfTeX warning: pdflatex.exe (file ./simple_pll_harmonicos.pdf): PDF inclusion:
 multiple pdfs with page group included in a single page
> <./simple_pll_harmonicos.pdf

pdfTeX warning: pdflatex.exe (file ./simple_pll_harmonicos.pdf): PDF inclusion:
 multiple pdfs with page group included in a single page
> <./simple_pll_harmonicos.pdf

pdfTeX warning: pdflatex.exe (file ./simple_pll_harmonicos.pdf): PDF inclusion:
 multiple pdfs with page group included in a single page
> <./simple_pll_harmonicos.pdf

pdfTeX warning: pdflatex.exe (file ./simple_pll_harmonicos.pdf): PDF inclusion:
 multiple pdfs with page group included in a single page
>]
LaTeX Font Info:    Try loading font information for OMS+cmr on input line 61.
 (D:\LaTex\tex/latex/base\omscmr.fd
File: omscmr.fd 2014/09/29 v2.5h Standard LaTeX font definitions
)
LaTeX Font Info:    Font shape `OMS/cmr/m/n' in size <12> not available
(Font)              Font shape `OMS/cmsy/m/n' tried instead on input line 61.
 [2 <./pll_ruido.pdf> <./pll_ruido.pdf

pdfTeX warning: pdflatex.exe (file ./pll_ruido.pdf): PDF inclusion: multiple pd
fs with page group included in a single page
> <./pll_ruido.pdf

pdfTeX warning: pdflatex.exe (file ./pll_ruido.pdf): PDF inclusion: multiple pd
fs with page group included in a single page
> <./pll_ruido.pdf

pdfTeX warning: pdflatex.exe (file ./pll_ruido.pdf): PDF inclusion: multiple pd
fs with page group included in a single page
> <./pll_ruido.pdf

pdfTeX warning: pdflatex.exe (file ./pll_ruido.pdf): PDF inclusion: multiple pd
fs with page group included in a single page
> <./pll_ruido.pdf

pdfTeX warning: pdflatex.exe (file ./pll_ruido.pdf): PDF inclusion: multiple pd
fs with page group included in a single page
> <./pll_ruido.pdf

pdfTeX warning: pdflatex.exe (file ./pll_ruido.pdf): PDF inclusion: multiple pd
fs with page group included in a single page
> <./pll_ruido.pdf

pdfTeX warning: pdflatex.exe (file ./pll_ruido.pdf): PDF inclusion: multiple pd
fs with page group included in a single page
>] (banco_de_filtros.pdf_tex
<banco_de_filtros.pdf, id=39, page=1, 421.575pt x 316.18124pt>
File: banco_de_filtros.pdf Graphic file (type pdf)
<use banco_de_filtros.pdf, page 1>
Package pdftex.def Info: banco_de_filtros.pdf , page1 used on input line 56.
(pdftex.def)             Requested size: 390.0pt x 292.50648pt.
) [3 <./banco_de_filtros.pdf>]
(D:\LaTex\tex/latex/listings\lstlang1.sty
File: lstlang1.sty 2019/09/10 1.8c listings language file
)
(D:\LaTex\tex/latex/listings\lstmisc.sty
File: lstmisc.sty 2019/09/10 1.8c (Carsten Heinz)
) (algoritmo.c
LaTeX Font Info:    Try loading font information for OML+cmr on input line 8.

(D:\LaTex\tex/latex/base\omlcmr.fd
File: omlcmr.fd 2014/09/29 v2.5h Standard LaTeX font definitions
)
LaTeX Font Info:    Font shape `OML/cmr/m/n' in size <12> not available
(Font)              Font shape `OML/cmm/m/it' tried instead on input line 8.
) [4] (circulo_freq.pdf_tex
<circulo_freq.pdf, id=49, page=1, 421.575pt x 316.18124pt>
File: circulo_freq.pdf Graphic file (type pdf)
<use circulo_freq.pdf, page 1>
Package pdftex.def Info: circulo_freq.pdf , page1 used on input line 56.
(pdftex.def)             Requested size: 390.0pt x 292.50648pt.
) [5 <./circulo_freq.pdf>] (esquema_pll.pdf_tex
<esquema_pll.pdf, id=55, page=1, 409.9907pt x 261.00523pt>
File: esquema_pll.pdf Graphic file (type pdf)
<use esquema_pll.pdf, page 1>
Package pdftex.def Info: esquema_pll.pdf , page1 used on input line 56.
(pdftex.def)             Requested size: 286.99223pt x 182.71037pt.
<esquema_pll.pdf, id=56, page=2, 409.9907pt x 261.00523pt>
File: esquema_pll.pdf Graphic file (type pdf)
<use esquema_pll.pdf, page 2>
Package pdftex.def Info: esquema_pll.pdf , page2 used on input line 61.
(pdftex.def)             Requested size: 286.99223pt x 182.71037pt.
<esquema_pll.pdf, id=57, page=3, 409.9907pt x 261.00523pt>
File: esquema_pll.pdf Graphic file (type pdf)
<use esquema_pll.pdf, page 3>
Package pdftex.def Info: esquema_pll.pdf , page3 used on input line 63.
(pdftex.def)             Requested size: 286.99223pt x 182.71037pt.
) [6 <./esquema_pll.pdf> <./esquema_pll.pdf

pdfTeX warning: pdflatex.exe (file ./esquema_pll.pdf): PDF inclusion: multiple 
pdfs with page group included in a single page
> <./esquema_pll.pdf

pdfTeX warning: pdflatex.exe (file ./esquema_pll.pdf): PDF inclusion: multiple 
pdfs with page group included in a single page
>] (media_direto.pdf_tex
<media_direto.pdf, id=63, page=1, 451.6875pt x 225.84375pt>
File: media_direto.pdf Graphic file (type pdf)
<use media_direto.pdf, page 1>
Package pdftex.def Info: media_direto.pdf , page1 used on input line 56.
(pdftex.def)             Requested size: 451.6875pt x 225.85696pt.
<media_direto.pdf, id=64, page=2, 451.6875pt x 225.84375pt>
File: media_direto.pdf Graphic file (type pdf)
<use media_direto.pdf, page 2>
Package pdftex.def Info: media_direto.pdf , page2 used on input line 58.
(pdftex.def)             Requested size: 451.6875pt x 225.85696pt.
<media_direto.pdf, id=65, page=3, 451.6875pt x 225.84375pt>
File: media_direto.pdf Graphic file (type pdf)
<use media_direto.pdf, page 3>
Package pdftex.def Info: media_direto.pdf , page3 used on input line 64.
(pdftex.def)             Requested size: 451.6875pt x 225.85696pt.
<media_direto.pdf, id=66, page=4, 451.6875pt x 225.84375pt>
File: media_direto.pdf Graphic file (type pdf)
<use media_direto.pdf, page 4>
Package pdftex.def Info: media_direto.pdf , page4 used on input line 73.
(pdftex.def)             Requested size: 451.6875pt x 225.85696pt.
<media_direto.pdf, id=67, page=5, 451.6875pt x 225.84375pt>
File: media_direto.pdf Graphic file (type pdf)
<use media_direto.pdf, page 5>
Package pdftex.def Info: media_direto.pdf , page5 used on input line 75.
(pdftex.def)             Requested size: 451.6875pt x 225.85696pt.
<media_direto.pdf, id=68, page=6, 451.6875pt x 225.84375pt>
File: media_direto.pdf Graphic file (type pdf)
<use media_direto.pdf, page 6>
Package pdftex.def Info: media_direto.pdf , page6 used on input line 81.
(pdftex.def)             Requested size: 451.6875pt x 225.85696pt.
<media_direto.pdf, id=69, page=7, 451.6875pt x 225.84375pt>
File: media_direto.pdf Graphic file (type pdf)
<use media_direto.pdf, page 7>
Package pdftex.def Info: media_direto.pdf , page7 used on input line 85.
(pdftex.def)             Requested size: 451.6875pt x 225.85696pt.
<media_direto.pdf, id=70, page=8, 451.6875pt x 225.84375pt>
File: media_direto.pdf Graphic file (type pdf)
<use media_direto.pdf, page 8>
Package pdftex.def Info: media_direto.pdf , page8 used on input line 87.
(pdftex.def)             Requested size: 451.6875pt x 225.85696pt.
<media_direto.pdf, id=71, page=9, 451.6875pt x 225.84375pt>
File: media_direto.pdf Graphic file (type pdf)
<use media_direto.pdf, page 9>
Package pdftex.def Info: media_direto.pdf , page9 used on input line 89.
(pdftex.def)             Requested size: 451.6875pt x 225.85696pt.
)
Overfull \hbox (61.6875pt too wide) in paragraph at lines 90--133
 [][] 
 []

(geometrico_media.pdf_tex
<geometrico_media.pdf, id=72, page=1, 451.6875pt x 225.84375pt>
File: geometrico_media.pdf Graphic file (type pdf)
<use geometrico_media.pdf, page 1>
Package pdftex.def Info: geometrico_media.pdf , page1 used on input line 56.
(pdftex.def)             Requested size: 451.6875pt x 225.85696pt.
<geometrico_media.pdf, id=73, page=2, 451.6875pt x 225.84375pt>
File: geometrico_media.pdf Graphic file (type pdf)
<use geometrico_media.pdf, page 2>
Package pdftex.def Info: geometrico_media.pdf , page2 used on input line 58.
(pdftex.def)             Requested size: 451.6875pt x 225.85696pt.
<geometrico_media.pdf, id=74, page=3, 451.6875pt x 225.84375pt>
File: geometrico_media.pdf Graphic file (type pdf)
<use geometrico_media.pdf, page 3>
Package pdftex.def Info: geometrico_media.pdf , page3 used on input line 64.
(pdftex.def)             Requested size: 451.6875pt x 225.85696pt.
<geometrico_media.pdf, id=75, page=4, 451.6875pt x 225.84375pt>
File: geometrico_media.pdf Graphic file (type pdf)
<use geometrico_media.pdf, page 4>
Package pdftex.def Info: geometrico_media.pdf , page4 used on input line 73.
(pdftex.def)             Requested size: 451.6875pt x 225.85696pt.
<geometrico_media.pdf, id=76, page=5, 451.6875pt x 225.84375pt>
File: geometrico_media.pdf Graphic file (type pdf)
<use geometrico_media.pdf, page 5>
Package pdftex.def Info: geometrico_media.pdf , page5 used on input line 75.
(pdftex.def)             Requested size: 451.6875pt x 225.85696pt.
<geometrico_media.pdf, id=77, page=6, 451.6875pt x 225.84375pt>
File: geometrico_media.pdf Graphic file (type pdf)
<use geometrico_media.pdf, page 6>
Package pdftex.def Info: geometrico_media.pdf , page6 used on input line 81.
(pdftex.def)             Requested size: 451.6875pt x 225.85696pt.
<geometrico_media.pdf, id=78, page=7, 451.6875pt x 225.84375pt>
File: geometrico_media.pdf Graphic file (type pdf)
<use geometrico_media.pdf, page 7>
Package pdftex.def Info: geometrico_media.pdf , page7 used on input line 85.
(pdftex.def)             Requested size: 451.6875pt x 225.85696pt.
<geometrico_media.pdf, id=79, page=8, 451.6875pt x 225.84375pt>
File: geometrico_media.pdf Graphic file (type pdf)
<use geometrico_media.pdf, page 8>
Package pdftex.def Info: geometrico_media.pdf , page8 used on input line 87.
(pdftex.def)             Requested size: 451.6875pt x 225.85696pt.
<geometrico_media.pdf, id=80, page=9, 451.6875pt x 225.84375pt>
File: geometrico_media.pdf Graphic file (type pdf)
<use geometrico_media.pdf, page 9>
Package pdftex.def Info: geometrico_media.pdf , page9 used on input line 89.
(pdftex.def)             Requested size: 451.6875pt x 225.85696pt.
)
Overfull \hbox (61.6875pt too wide) in paragraph at lines 90--142
 [][] 
 []


LaTeX Warning: `h' float specifier changed to `ht'.

[7 <./media_direto.pdf> <./media_direto.pdf

pdfTeX warning: pdflatex.exe (file ./media_direto.pdf): PDF inclusion: multiple
 pdfs with page group included in a single page
> <./media_direto.pdf

pdfTeX warning: pdflatex.exe (file ./media_direto.pdf): PDF inclusion: multiple
 pdfs with page group included in a single page
> <./media_direto.pdf

pdfTeX warning: pdflatex.exe (file ./media_direto.pdf): PDF inclusion: multiple
 pdfs with page group included in a single page
> <./media_direto.pdf

pdfTeX warning: pdflatex.exe (file ./media_direto.pdf): PDF inclusion: multiple
 pdfs with page group included in a single page
> <./media_direto.pdf

pdfTeX warning: pdflatex.exe (file ./media_direto.pdf): PDF inclusion: multiple
 pdfs with page group included in a single page
> <./media_direto.pdf

pdfTeX warning: pdflatex.exe (file ./media_direto.pdf): PDF inclusion: multiple
 pdfs with page group included in a single page
> <./media_direto.pdf

pdfTeX warning: pdflatex.exe (file ./media_direto.pdf): PDF inclusion: multiple
 pdfs with page group included in a single page
> <./media_direto.pdf

pdfTeX warning: pdflatex.exe (file ./media_direto.pdf): PDF inclusion: multiple
 pdfs with page group included in a single page
>] [8 <./geometrico_media.pdf> <./geometrico_media.pdf

pdfTeX warning: pdflatex.exe (file ./geometrico_media.pdf): PDF inclusion: mult
iple pdfs with page group included in a single page
> <./geometrico_media.pdf

pdfTeX warning: pdflatex.exe (file ./geometrico_media.pdf): PDF inclusion: mult
iple pdfs with page group included in a single page
> <./geometrico_media.pdf

pdfTeX warning: pdflatex.exe (file ./geometrico_media.pdf): PDF inclusion: mult
iple pdfs with page group included in a single page
> <./geometrico_media.pdf

pdfTeX warning: pdflatex.exe (file ./geometrico_media.pdf): PDF inclusion: mult
iple pdfs with page group included in a single page
> <./geometrico_media.pdf

pdfTeX warning: pdflatex.exe (file ./geometrico_media.pdf): PDF inclusion: mult
iple pdfs with page group included in a single page
> <./geometrico_media.pdf

pdfTeX warning: pdflatex.exe (file ./geometrico_media.pdf): PDF inclusion: mult
iple pdfs with page group included in a single page
> <./geometrico_media.pdf

pdfTeX warning: pdflatex.exe (file ./geometrico_media.pdf): PDF inclusion: mult
iple pdfs with page group included in a single page
> <./geometrico_media.pdf

pdfTeX warning: pdflatex.exe (file ./geometrico_media.pdf): PDF inclusion: mult
iple pdfs with page group included in a single page
>]
Overfull \hbox (4.66534pt too wide) in paragraph at lines 176--177
[]\OT1/cmr/m/n/12 o tempo de con-verg^encia e difcil de pre-ver, n~ao e cer
to que os harm^onicos
 []


Underfull \hbox (badness 10000) in paragraph at lines 182--182
[]\OT1/cmr/m/n/12 Erro em
 []


Underfull \hbox (badness 10000) in paragraph at lines 182--182
\OT1/cmr/m/n/12 frequ^encia
 []


Underfull \hbox (badness 10000) in paragraph at lines 183--183
[]\OT1/cmr/m/n/12 Tempo de
 []


Underfull \hbox (badness 10000) in paragraph at lines 183--183
\OT1/cmr/m/n/12 con-verg^encia
 []


Underfull \hbox (badness 10000) in paragraph at lines 183--184
[]\OT1/cmr/m/n/12 tempo de
 []


Underfull \hbox (badness 10000) in paragraph at lines 183--184
\OT1/cmr/m/n/12 con-verg^encia
 []


Overfull \hbox (25.65941pt too wide) in paragraph at lines 180--195
[][] 
 []


LaTeX Warning: `h' float specifier changed to `ht'.


Underfull \hbox (badness 10000) in paragraph at lines 203--203
[]\OT1/cmr/m/n/12 MSE em
 []


Underfull \hbox (badness 10000) in paragraph at lines 203--203
\OT1/cmr/m/n/12 frequ^encia
 []


LaTeX Warning: `h' float specifier changed to `ht'.

(harm15_ruido.pdf_tex
<harm15_ruido.pdf, id=93, page=1, 421.575pt x 316.18124pt>
File: harm15_ruido.pdf Graphic file (type pdf)
<use harm15_ruido.pdf, page 1>
Package pdftex.def Info: harm15_ruido.pdf , page1 used on input line 56.
(pdftex.def)             Requested size: 421.575pt x 316.18529pt.
<harm15_ruido.pdf, id=94, page=2, 421.575pt x 316.18124pt>
File: harm15_ruido.pdf Graphic file (type pdf)
<use harm15_ruido.pdf, page 2>
Package pdftex.def Info: harm15_ruido.pdf , page2 used on input line 58.
(pdftex.def)             Requested size: 421.575pt x 316.18529pt.
<harm15_ruido.pdf, id=95, page=3, 421.575pt x 316.18124pt>
File: harm15_ruido.pdf Graphic file (type pdf)
<use harm15_ruido.pdf, page 3>
Package pdftex.def Info: harm15_ruido.pdf , page3 used on input line 71.
(pdftex.def)             Requested size: 421.575pt x 316.18529pt.
<harm15_ruido.pdf, id=96, page=4, 421.575pt x 316.18124pt>
File: harm15_ruido.pdf Graphic file (type pdf)
<use harm15_ruido.pdf, page 4>
Package pdftex.def Info: harm15_ruido.pdf , page4 used on input line 77.
(pdftex.def)             Requested size: 421.575pt x 316.18529pt.
<harm15_ruido.pdf, id=97, page=5, 421.575pt x 316.18124pt>
File: harm15_ruido.pdf Graphic file (type pdf)
<use harm15_ruido.pdf, page 5>
Package pdftex.def Info: harm15_ruido.pdf , page5 used on input line 79.
(pdftex.def)             Requested size: 421.575pt x 316.18529pt.
<harm15_ruido.pdf, id=98, page=6, 421.575pt x 316.18124pt>
File: harm15_ruido.pdf Graphic file (type pdf)
<use harm15_ruido.pdf, page 6>
Package pdftex.def Info: harm15_ruido.pdf , page6 used on input line 81.
(pdftex.def)             Requested size: 421.575pt x 316.18529pt.
<harm15_ruido.pdf, id=99, page=7, 421.575pt x 316.18124pt>
File: harm15_ruido.pdf Graphic file (type pdf)
<use harm15_ruido.pdf, page 7>
Package pdftex.def Info: harm15_ruido.pdf , page7 used on input line 83.
(pdftex.def)             Requested size: 421.575pt x 316.18529pt.
<harm15_ruido.pdf, id=100, page=8, 421.575pt x 316.18124pt>
File: harm15_ruido.pdf Graphic file (type pdf)
<use harm15_ruido.pdf, page 8>
Package pdftex.def Info: harm15_ruido.pdf , page8 used on input line 85.
(pdftex.def)             Requested size: 421.575pt x 316.18529pt.
<harm15_ruido.pdf, id=101, page=9, 421.575pt x 316.18124pt>
File: harm15_ruido.pdf Graphic file (type pdf)
<use harm15_ruido.pdf, page 9>
Package pdftex.def Info: harm15_ruido.pdf , page9 used on input line 91.
(pdftex.def)             Requested size: 421.575pt x 316.18529pt.
<harm15_ruido.pdf, id=102, page=10, 421.575pt x 316.18124pt>
File: harm15_ruido.pdf Graphic file (type pdf)
<use harm15_ruido.pdf, page 10>
Package pdftex.def Info: harm15_ruido.pdf , page10 used on input line 95.
(pdftex.def)             Requested size: 421.575pt x 316.18529pt.
<harm15_ruido.pdf, id=103, page=11, 421.575pt x 316.18124pt>
File: harm15_ruido.pdf Graphic file (type pdf)
<use harm15_ruido.pdf, page 11>
Package pdftex.def Info: harm15_ruido.pdf , page11 used on input line 97.
(pdftex.def)             Requested size: 421.575pt x 316.18529pt.
<harm15_ruido.pdf, id=104, page=12, 421.575pt x 316.18124pt>
File: harm15_ruido.pdf Graphic file (type pdf)
<use harm15_ruido.pdf, page 12>
Package pdftex.def Info: harm15_ruido.pdf , page12 used on input line 103.
(pdftex.def)             Requested size: 421.575pt x 316.18529pt.
<harm15_ruido.pdf, id=105, page=13, 421.575pt x 316.18124pt>
File: harm15_ruido.pdf Graphic file (type pdf)
<use harm15_ruido.pdf, page 13>
Package pdftex.def Info: harm15_ruido.pdf , page13 used on input line 107.
(pdftex.def)             Requested size: 421.575pt x 316.18529pt.
)
Overfull \hbox (31.575pt too wide) in paragraph at lines 108--223
 [][] 
 []


LaTeX Warning: `h' float specifier changed to `ht'.

(harm15_deg.pdf_tex
<harm15_deg.pdf, id=106, page=1, 421.575pt x 316.18124pt>
File: harm15_deg.pdf Graphic file (type pdf)
<use harm15_deg.pdf, page 1>
Package pdftex.def Info: harm15_deg.pdf , page1 used on input line 56.
(pdftex.def)             Requested size: 421.575pt x 316.18529pt.
<harm15_deg.pdf, id=107, page=2, 421.575pt x 316.18124pt>
File: harm15_deg.pdf Graphic file (type pdf)
<use harm15_deg.pdf, page 2>
Package pdftex.def Info: harm15_deg.pdf , page2 used on input line 58.
(pdftex.def)             Requested size: 421.575pt x 316.18529pt.
<harm15_deg.pdf, id=108, page=3, 421.575pt x 316.18124pt>
File: harm15_deg.pdf Graphic file (type pdf)
<use harm15_deg.pdf, page 3>
Package pdftex.def Info: harm15_deg.pdf , page3 used on input line 71.
(pdftex.def)             Requested size: 421.575pt x 316.18529pt.
<harm15_deg.pdf, id=109, page=4, 421.575pt x 316.18124pt>
File: harm15_deg.pdf Graphic file (type pdf)
<use harm15_deg.pdf, page 4>
Package pdftex.def Info: harm15_deg.pdf , page4 used on input line 77.
(pdftex.def)             Requested size: 421.575pt x 316.18529pt.
<harm15_deg.pdf, id=110, page=5, 421.575pt x 316.18124pt>
File: harm15_deg.pdf Graphic file (type pdf)
<use harm15_deg.pdf, page 5>
Package pdftex.def Info: harm15_deg.pdf , page5 used on input line 79.
(pdftex.def)             Requested size: 421.575pt x 316.18529pt.
<harm15_deg.pdf, id=111, page=6, 421.575pt x 316.18124pt>
File: harm15_deg.pdf Graphic file (type pdf)
<use harm15_deg.pdf, page 6>
Package pdftex.def Info: harm15_deg.pdf , page6 used on input line 81.
(pdftex.def)             Requested size: 421.575pt x 316.18529pt.
<harm15_deg.pdf, id=112, page=7, 421.575pt x 316.18124pt>
File: harm15_deg.pdf Graphic file (type pdf)
<use harm15_deg.pdf, page 7>
Package pdftex.def Info: harm15_deg.pdf , page7 used on input line 83.
(pdftex.def)             Requested size: 421.575pt x 316.18529pt.
<harm15_deg.pdf, id=113, page=8, 421.575pt x 316.18124pt>
File: harm15_deg.pdf Graphic file (type pdf)
<use harm15_deg.pdf, page 8>
Package pdftex.def Info: harm15_deg.pdf , page8 used on input line 85.
(pdftex.def)             Requested size: 421.575pt x 316.18529pt.
<harm15_deg.pdf, id=114, page=9, 421.575pt x 316.18124pt>
File: harm15_deg.pdf Graphic file (type pdf)
<use harm15_deg.pdf, page 9>
Package pdftex.def Info: harm15_deg.pdf , page9 used on input line 91.
(pdftex.def)             Requested size: 421.575pt x 316.18529pt.
<harm15_deg.pdf, id=115, page=10, 421.575pt x 316.18124pt>
File: harm15_deg.pdf Graphic file (type pdf)
<use harm15_deg.pdf, page 10>
Package pdftex.def Info: harm15_deg.pdf , page10 used on input line 95.
(pdftex.def)             Requested size: 421.575pt x 316.18529pt.
<harm15_deg.pdf, id=116, page=11, 421.575pt x 316.18124pt>
File: harm15_deg.pdf Graphic file (type pdf)
<use harm15_deg.pdf, page 11>
Package pdftex.def Info: harm15_deg.pdf , page11 used on input line 97.
(pdftex.def)             Requested size: 421.575pt x 316.18529pt.
<harm15_deg.pdf, id=117, page=12, 421.575pt x 316.18124pt>
File: harm15_deg.pdf Graphic file (type pdf)
<use harm15_deg.pdf, page 12>
Package pdftex.def Info: harm15_deg.pdf , page12 used on input line 103.
(pdftex.def)             Requested size: 421.575pt x 316.18529pt.
<harm15_deg.pdf, id=118, page=13, 421.575pt x 316.18124pt>
File: harm15_deg.pdf Graphic file (type pdf)
<use harm15_deg.pdf, page 13>
Package pdftex.def Info: harm15_deg.pdf , page13 used on input line 108.
(pdftex.def)             Requested size: 421.575pt x 316.18529pt.
)
Overfull \hbox (31.575pt too wide) in paragraph at lines 109--232
 [][] 
 []


LaTeX Warning: `h' float specifier changed to `ht'.

(batimento.pdf_tex
<batimento.pdf, id=119, page=1, 301.125pt x 168.27307pt>
File: batimento.pdf Graphic file (type pdf)
<use batimento.pdf, page 1>
Package pdftex.def Info: batimento.pdf , page1 used on input line 56.
(pdftex.def)             Requested size: 301.125pt x 168.28806pt.
<batimento.pdf, id=120, page=2, 301.125pt x 168.27307pt>
File: batimento.pdf Graphic file (type pdf)
<use batimento.pdf, page 2>
Package pdftex.def Info: batimento.pdf , page2 used on input line 58.
(pdftex.def)             Requested size: 301.125pt x 168.28806pt.
<batimento.pdf, id=121, page=3, 301.125pt x 168.27307pt>
File: batimento.pdf Graphic file (type pdf)
<use batimento.pdf, page 3>
Package pdftex.def Info: batimento.pdf , page3 used on input line 62.
(pdftex.def)             Requested size: 301.125pt x 168.28806pt.
<batimento.pdf, id=122, page=4, 301.125pt x 168.27307pt>
File: batimento.pdf Graphic file (type pdf)
<use batimento.pdf, page 4>
Package pdftex.def Info: batimento.pdf , page4 used on input line 67.
(pdftex.def)             Requested size: 301.125pt x 168.28806pt.
<batimento.pdf, id=123, page=5, 301.125pt x 168.27307pt>
File: batimento.pdf Graphic file (type pdf)
<use batimento.pdf, page 5>
Package pdftex.def Info: batimento.pdf , page5 used on input line 69.
(pdftex.def)             Requested size: 301.125pt x 168.28806pt.
<batimento.pdf, id=124, page=6, 301.125pt x 168.27307pt>
File: batimento.pdf Graphic file (type pdf)
<use batimento.pdf, page 6>
Package pdftex.def Info: batimento.pdf , page6 used on input line 73.
(pdftex.def)             Requested size: 301.125pt x 168.28806pt.
<batimento.pdf, id=125, page=7, 301.125pt x 168.27307pt>
File: batimento.pdf Graphic file (type pdf)
<use batimento.pdf, page 7>
Package pdftex.def Info: batimento.pdf , page7 used on input line 77.
(pdftex.def)             Requested size: 301.125pt x 168.28806pt.
)

LaTeX Warning: `h' float specifier changed to `ht'.

(harm64.pdf_tex
<harm64.pdf, id=126, page=1, 421.575pt x 316.18124pt>
File: harm64.pdf Graphic file (type pdf)
<use harm64.pdf, page 1>
Package pdftex.def Info: harm64.pdf , page1 used on input line 56.
(pdftex.def)             Requested size: 421.575pt x 316.18529pt.
<harm64.pdf, id=127, page=2, 421.575pt x 316.18124pt>
File: harm64.pdf Graphic file (type pdf)
<use harm64.pdf, page 2>
Package pdftex.def Info: harm64.pdf , page2 used on input line 58.
(pdftex.def)             Requested size: 421.575pt x 316.18529pt.
<harm64.pdf, id=128, page=3, 421.575pt x 316.18124pt>
File: harm64.pdf Graphic file (type pdf)
<use harm64.pdf, page 3>
Package pdftex.def Info: harm64.pdf , page3 used on input line 71.
(pdftex.def)             Requested size: 421.575pt x 316.18529pt.
<harm64.pdf, id=129, page=4, 421.575pt x 316.18124pt>
File: harm64.pdf Graphic file (type pdf)
<use harm64.pdf, page 4>
Package pdftex.def Info: harm64.pdf , page4 used on input line 77.
(pdftex.def)             Requested size: 421.575pt x 316.18529pt.
<harm64.pdf, id=130, page=5, 421.575pt x 316.18124pt>
File: harm64.pdf Graphic file (type pdf)
<use harm64.pdf, page 5>
Package pdftex.def Info: harm64.pdf , page5 used on input line 79.
(pdftex.def)             Requested size: 421.575pt x 316.18529pt.
<harm64.pdf, id=131, page=6, 421.575pt x 316.18124pt>
File: harm64.pdf Graphic file (type pdf)
<use harm64.pdf, page 6>
Package pdftex.def Info: harm64.pdf , page6 used on input line 81.
(pdftex.def)             Requested size: 421.575pt x 316.18529pt.
<harm64.pdf, id=132, page=7, 421.575pt x 316.18124pt>
File: harm64.pdf Graphic file (type pdf)
<use harm64.pdf, page 7>
Package pdftex.def Info: harm64.pdf , page7 used on input line 83.
(pdftex.def)             Requested size: 421.575pt x 316.18529pt.
<harm64.pdf, id=133, page=8, 421.575pt x 316.18124pt>
File: harm64.pdf Graphic file (type pdf)
<use harm64.pdf, page 8>
Package pdftex.def Info: harm64.pdf , page8 used on input line 85.
(pdftex.def)             Requested size: 421.575pt x 316.18529pt.
<harm64.pdf, id=134, page=9, 421.575pt x 316.18124pt>
File: harm64.pdf Graphic file (type pdf)
<use harm64.pdf, page 9>
Package pdftex.def Info: harm64.pdf , page9 used on input line 92.
(pdftex.def)             Requested size: 421.575pt x 316.18529pt.
<harm64.pdf, id=135, page=10, 421.575pt x 316.18124pt>
File: harm64.pdf Graphic file (type pdf)
<use harm64.pdf, page 10>
Package pdftex.def Info: harm64.pdf , page10 used on input line 97.
(pdftex.def)             Requested size: 421.575pt x 316.18529pt.
<harm64.pdf, id=136, page=11, 421.575pt x 316.18124pt>
File: harm64.pdf Graphic file (type pdf)
<use harm64.pdf, page 11>
Package pdftex.def Info: harm64.pdf , page11 used on input line 99.
(pdftex.def)             Requested size: 421.575pt x 316.18529pt.
<harm64.pdf, id=137, page=12, 421.575pt x 316.18124pt>
File: harm64.pdf Graphic file (type pdf)
<use harm64.pdf, page 12>
Package pdftex.def Info: harm64.pdf , page12 used on input line 106.
(pdftex.def)             Requested size: 421.575pt x 316.18529pt.
<harm64.pdf, id=138, page=13, 421.575pt x 316.18124pt>
File: harm64.pdf Graphic file (type pdf)
<use harm64.pdf, page 13>
Package pdftex.def Info: harm64.pdf , page13 used on input line 111.
(pdftex.def)             Requested size: 421.575pt x 316.18529pt.
)
Overfull \hbox (31.575pt too wide) in paragraph at lines 112--254
 [][] 
 []


LaTeX Warning: `h' float specifier changed to `ht'.


Underfull \hbox (badness 10000) in paragraph at lines 262--262
[]\OT1/cmr/m/n/12 convergencia
 []


Underfull \hbox (badness 10000) in paragraph at lines 262--262
[]\OT1/cmr/m/n/12 convergencia
 []


Underfull \hbox (badness 10000) in paragraph at lines 262--262
[]\OT1/cmr/m/n/12 MSE em
 []


Underfull \hbox (badness 10000) in paragraph at lines 262--262
\OT1/cmr/m/n/12 frequ^encia
 []


Overfull \hbox (25.65941pt too wide) in paragraph at lines 260--270
 [][] 
 []


LaTeX Warning: `h' float specifier changed to `ht'.

[9]
Underfull \vbox (badness 1259) has occurred while \output is active []

 [10]
[11 <./harm15_ruido.pdf> <./harm15_ruido.pdf

pdfTeX warning: pdflatex.exe (file ./harm15_ruido.pdf): PDF inclusion: multiple
 pdfs with page group included in a single page
> <./harm15_ruido.pdf

pdfTeX warning: pdflatex.exe (file ./harm15_ruido.pdf): PDF inclusion: multiple
 pdfs with page group included in a single page
> <./harm15_ruido.pdf

pdfTeX warning: pdflatex.exe (file ./harm15_ruido.pdf): PDF inclusion: multiple
 pdfs with page group included in a single page
> <./harm15_ruido.pdf

pdfTeX warning: pdflatex.exe (file ./harm15_ruido.pdf): PDF inclusion: multiple
 pdfs with page group included in a single page
> <./harm15_ruido.pdf

pdfTeX warning: pdflatex.exe (file ./harm15_ruido.pdf): PDF inclusion: multiple
 pdfs with page group included in a single page
> <./harm15_ruido.pdf

pdfTeX warning: pdflatex.exe (file ./harm15_ruido.pdf): PDF inclusion: multiple
 pdfs with page group included in a single page
> <./harm15_ruido.pdf

pdfTeX warning: pdflatex.exe (file ./harm15_ruido.pdf): PDF inclusion: multiple
 pdfs with page group included in a single page
> <./harm15_ruido.pdf

pdfTeX warning: pdflatex.exe (file ./harm15_ruido.pdf): PDF inclusion: multiple
 pdfs with page group included in a single page
> <./harm15_ruido.pdf

pdfTeX warning: pdflatex.exe (file ./harm15_ruido.pdf): PDF inclusion: multiple
 pdfs with page group included in a single page
> <./harm15_ruido.pdf

pdfTeX warning: pdflatex.exe (file ./harm15_ruido.pdf): PDF inclusion: multiple
 pdfs with page group included in a single page
> <./harm15_ruido.pdf

pdfTeX warning: pdflatex.exe (file ./harm15_ruido.pdf): PDF inclusion: multiple
 pdfs with page group included in a single page
> <./harm15_ruido.pdf

pdfTeX warning: pdflatex.exe (file ./harm15_ruido.pdf): PDF inclusion: multiple
 pdfs with page group included in a single page
>] [12 <./harm15_deg.pdf> <./harm15_deg.pdf

pdfTeX warning: pdflatex.exe (file ./harm15_deg.pdf): PDF inclusion: multiple p
dfs with page group included in a single page
> <./harm15_deg.pdf

pdfTeX warning: pdflatex.exe (file ./harm15_deg.pdf): PDF inclusion: multiple p
dfs with page group included in a single page
> <./harm15_deg.pdf

pdfTeX warning: pdflatex.exe (file ./harm15_deg.pdf): PDF inclusion: multiple p
dfs with page group included in a single page
> <./harm15_deg.pdf

pdfTeX warning: pdflatex.exe (file ./harm15_deg.pdf): PDF inclusion: multiple p
dfs with page group included in a single page
> <./harm15_deg.pdf

pdfTeX warning: pdflatex.exe (file ./harm15_deg.pdf): PDF inclusion: multiple p
dfs with page group included in a single page
> <./harm15_deg.pdf

pdfTeX warning: pdflatex.exe (file ./harm15_deg.pdf): PDF inclusion: multiple p
dfs with page group included in a single page
> <./harm15_deg.pdf

pdfTeX warning: pdflatex.exe (file ./harm15_deg.pdf): PDF inclusion: multiple p
dfs with page group included in a single page
> <./harm15_deg.pdf

pdfTeX warning: pdflatex.exe (file ./harm15_deg.pdf): PDF inclusion: multiple p
dfs with page group included in a single page
> <./harm15_deg.pdf

pdfTeX warning: pdflatex.exe (file ./harm15_deg.pdf): PDF inclusion: multiple p
dfs with page group included in a single page
> <./harm15_deg.pdf

pdfTeX warning: pdflatex.exe (file ./harm15_deg.pdf): PDF inclusion: multiple p
dfs with page group included in a single page
> <./harm15_deg.pdf

pdfTeX warning: pdflatex.exe (file ./harm15_deg.pdf): PDF inclusion: multiple p
dfs with page group included in a single page
> <./harm15_deg.pdf

pdfTeX warning: pdflatex.exe (file ./harm15_deg.pdf): PDF inclusion: multiple p
dfs with page group included in a single page
>] [13 <./batimento.pdf> <./batimento.pdf

pdfTeX warning: pdflatex.exe (file ./batimento.pdf): PDF inclusion: multiple pd
fs with page group included in a single page
> <./batimento.pdf

pdfTeX warning: pdflatex.exe (file ./batimento.pdf): PDF inclusion: multiple pd
fs with page group included in a single page
> <./batimento.pdf

pdfTeX warning: pdflatex.exe (file ./batimento.pdf): PDF inclusion: multiple pd
fs with page group included in a single page
> <./batimento.pdf

pdfTeX warning: pdflatex.exe (file ./batimento.pdf): PDF inclusion: multiple pd
fs with page group included in a single page
> <./batimento.pdf

pdfTeX warning: pdflatex.exe (file ./batimento.pdf): PDF inclusion: multiple pd
fs with page group included in a single page
> <./batimento.pdf

pdfTeX warning: pdflatex.exe (file ./batimento.pdf): PDF inclusion: multiple pd
fs with page group included in a single page
>] [14 <./harm64.pdf> <./harm64.pdf

pdfTeX warning: pdflatex.exe (file ./harm64.pdf): PDF inclusion: multiple pdfs 
with page group included in a single page
> <./harm64.pdf

pdfTeX warning: pdflatex.exe (file ./harm64.pdf): PDF inclusion: multiple pdfs 
with page group included in a single page
> <./harm64.pdf

pdfTeX warning: pdflatex.exe (file ./harm64.pdf): PDF inclusion: multiple pdfs 
with page group included in a single page
> <./harm64.pdf

pdfTeX warning: pdflatex.exe (file ./harm64.pdf): PDF inclusion: multiple pdfs 
with page group included in a single page
> <./harm64.pdf

pdfTeX warning: pdflatex.exe (file ./harm64.pdf): PDF inclusion: multiple pdfs 
with page group included in a single page
> <./harm64.pdf

pdfTeX warning: pdflatex.exe (file ./harm64.pdf): PDF inclusion: multiple pdfs 
with page group included in a single page
> <./harm64.pdf

pdfTeX warning: pdflatex.exe (file ./harm64.pdf): PDF inclusion: multiple pdfs 
with page group included in a single page
> <./harm64.pdf

pdfTeX warning: pdflatex.exe (file ./harm64.pdf): PDF inclusion: multiple pdfs 
with page group included in a single page
> <./harm64.pdf

pdfTeX warning: pdflatex.exe (file ./harm64.pdf): PDF inclusion: multiple pdfs 
with page group included in a single page
> <./harm64.pdf

pdfTeX warning: pdflatex.exe (file ./harm64.pdf): PDF inclusion: multiple pdfs 
with page group included in a single page
> <./harm64.pdf

pdfTeX warning: pdflatex.exe (file ./harm64.pdf): PDF inclusion: multiple pdfs 
with page group included in a single page
> <./harm64.pdf

pdfTeX warning: pdflatex.exe (file ./harm64.pdf): PDF inclusion: multiple pdfs 
with page group included in a single page
>] (chp3.aux)

LaTeX Warning: There were multiply-defined labels.

 ) 
Here is how much of TeX's memory you used:
 17474 strings out of 492895
 352251 string characters out of 3142328
 652212 words of memory out of 3000000
 21023 multiletter control sequences out of 15000+200000
 9267 words of font info for 33 fonts, out of 3000000 for 9000
 1141 hyphenation exceptions out of 8191
 55i,15n,67p,1025b,1396s stack positions out of 5000i,500n,10000p,200000b,50000s
<D:/LaTex/fonts/type1/public/amsfonts/cm/cmbx12.pfb><D:/LaTex/fonts/type1/pub
lic/amsfonts/cm/cmex10.pfb><D:/LaTex/fonts/type1/public/amsfonts/cm/cmmi12.pfb>
<D:/LaTex/fonts/type1/public/amsfonts/cm/cmmi8.pfb><D:/LaTex/fonts/type1/public
/amsfonts/cm/cmr12.pfb><D:/LaTex/fonts/type1/public/amsfonts/cm/cmr8.pfb><D:/La
Tex/fonts/type1/public/amsfonts/cm/cmsl12.pfb><D:/LaTex/fonts/type1/public/amsf
onts/cm/cmsy10.pfb><D:/LaTex/fonts/type1/public/amsfonts/cm/cmsy8.pfb><D:/LaTex
/fonts/type1/public/amsfonts/cm/cmti12.pfb>
Output written on chp3.pdf (14 pages, 448985 bytes).
PDF statistics:
 201 PDF objects out of 1000 (max. 8388607)
 0 named destinations out of 1000 (max. 500000)
 438 words of extra memory for PDF output out of 10000 (max. 10000000)

