This is pdfTeX, Version 3.14159265-2.6-1.40.20 (MiKTeX 2.9.7140 64-bit) (preloaded format=pdflatex 2019.9.3)  1 NOV 2019 00:09
entering extended mode
**./chp4.tex
(chp4.tex
LaTeX2e <2018-12-01>
(D:\LaTex\tex/latex/base\book.cls
Document Class: book 2018/09/03 v1.4i Standard LaTeX document class
(D:\LaTex\tex/latex/base\bk12.clo
File: bk12.clo 2018/09/03 v1.4i Standard LaTeX file (size option)
)
\c@part=\count80
\c@chapter=\count81
\c@section=\count82
\c@subsection=\count83
\c@subsubsection=\count84
\c@paragraph=\count85
\c@subparagraph=\count86
\c@figure=\count87
\c@table=\count88
\abovecaptionskip=\skip41
\belowcaptionskip=\skip42
\bibindent=\dimen102
) (D:\LaTex\tex/generic/babel\babel.sty
Package: babel 2019/07/19 3.33 The Babel package

(D:\LaTex\tex/generic/babel\switch.def
File: switch.def 2019/07/19 3.33 Babel switching mechanism
)
*************************************
* Local config file bblopts.cfg used
*
(D:\LaTex\tex/latex/arabi\bblopts.cfg
File: bblopts.cfg 2005/09/08 v0.1 add Arabic and Farsi to "declared" options of
 babel
)
(D:\LaTex\tex/latex/babel-portuges\portuges.ldf
Language: portuges 2008/03/18 v1.2q Portuguese support from the babel system

(D:\LaTex\tex/generic/babel\babel.def
File: babel.def 2019/07/19 3.33 Babel common definitions
\babel@savecnt=\count89
\U@D=\dimen103
 (D:\LaTex\tex/generic/babel\txtbabel.def)
\bbl@dirlevel=\count90
)
Package babel Info: Making " an active character on input line 145.
)) (D:\LaTex\tex/latex/listings\listings.sty
(D:\LaTex\tex/latex/graphics\keyval.sty
Package: keyval 2014/10/28 v1.15 key=value parser (DPC)
\KV@toks@=\toks14
)
\lst@mode=\count91
\lst@gtempboxa=\box27
\lst@token=\toks15
\lst@length=\count92
\lst@currlwidth=\dimen104
\lst@column=\count93
\lst@pos=\count94
\lst@lostspace=\dimen105
\lst@width=\dimen106
\lst@newlines=\count95
\lst@lineno=\count96
\lst@maxwidth=\dimen107

(D:\LaTex\tex/latex/listings\lstmisc.sty
File: lstmisc.sty 2019/09/10 1.8c (Carsten Heinz)
\c@lstnumber=\count97
\lst@skipnumbers=\count98
\lst@framebox=\box28
)
(D:\LaTex\tex/latex/listings\listings.cfg
File: listings.cfg 2019/09/10 1.8c listings configuration
))
Package: listings 2019/09/10 1.8c (Carsten Heinz)

(D:\LaTex\tex/latex/graphics\graphicx.sty
Package: graphicx 2017/06/01 v1.1a Enhanced LaTeX Graphics (DPC,SPQR)

(D:\LaTex\tex/latex/graphics\graphics.sty
Package: graphics 2017/06/25 v1.2c Standard LaTeX Graphics (DPC,SPQR)
 (D:\LaTex\tex/latex/graphics\trig.sty
Package: trig 2016/01/03 v1.10 sin cos tan (DPC)
) (D:\LaTex\tex/latex/graphics-cfg\graphics.cfg
File: graphics.cfg 2016/06/04 v1.11 sample graphics configuration
)
Package graphics Info: Driver file: pdftex.def on input line 99.

(D:\LaTex\tex/latex/graphics-def\pdftex.def
File: pdftex.def 2018/01/08 v1.0l Graphics/color driver for pdftex
))
\Gin@req@height=\dimen108
\Gin@req@width=\dimen109
)
(D:\LaTex\tex/latex/tools\calc.sty
Package: calc 2017/05/25 v4.3 Infix arithmetic (KKT,FJ)
\calc@Acount=\count99
\calc@Bcount=\count100
\calc@Adimen=\dimen110
\calc@Bdimen=\dimen111
\calc@Askip=\skip43
\calc@Bskip=\skip44
LaTeX Info: Redefining \setlength on input line 80.
LaTeX Info: Redefining \addtolength on input line 81.
\calc@Ccount=\count101
\calc@Cskip=\skip45
) (D:\LaTex\tex/latex/amsmath\amsmath.sty
Package: amsmath 2018/12/01 v2.17b AMS math features
\@mathmargin=\skip46

For additional information on amsmath, use the `?' option.
(D:\LaTex\tex/latex/amsmath\amstext.sty
Package: amstext 2000/06/29 v2.01 AMS text
 (D:\LaTex\tex/latex/amsmath\amsgen.sty
File: amsgen.sty 1999/11/30 v2.0 generic functions
\@emptytoks=\toks16
\ex@=\dimen112
)) (D:\LaTex\tex/latex/amsmath\amsbsy.sty
Package: amsbsy 1999/11/29 v1.2d Bold Symbols
\pmbraise@=\dimen113
)
(D:\LaTex\tex/latex/amsmath\amsopn.sty
Package: amsopn 2016/03/08 v2.02 operator names
)
\inf@bad=\count102
LaTeX Info: Redefining \frac on input line 223.
\uproot@=\count103
\leftroot@=\count104
LaTeX Info: Redefining \overline on input line 385.
\classnum@=\count105
\DOTSCASE@=\count106
LaTeX Info: Redefining \ldots on input line 482.
LaTeX Info: Redefining \dots on input line 485.
LaTeX Info: Redefining \cdots on input line 606.
\Mathstrutbox@=\box29
\strutbox@=\box30
\big@size=\dimen114
LaTeX Font Info:    Redeclaring font encoding OML on input line 729.
LaTeX Font Info:    Redeclaring font encoding OMS on input line 730.
\macc@depth=\count107
\c@MaxMatrixCols=\count108
\dotsspace@=\muskip10
\c@parentequation=\count109
\dspbrk@lvl=\count110
\tag@help=\toks17
\row@=\count111
\column@=\count112
\maxfields@=\count113
\andhelp@=\toks18
\eqnshift@=\dimen115
\alignsep@=\dimen116
\tagshift@=\dimen117
\tagwidth@=\dimen118
\totwidth@=\dimen119
\lineht@=\dimen120
\@envbody=\toks19
\multlinegap=\skip47
\multlinetaggap=\skip48
\mathdisplay@stack=\toks20
LaTeX Info: Redefining \[ on input line 2844.
LaTeX Info: Redefining \] on input line 2845.
)
(D:\LaTex\tex/latex/bigints\bigints.sty
Package: bigints 2010/02/15 Writing big integrals
Package bigints Info: This is Bigints by Merciadri Luca. on input line 5.
)
(D:\LaTex\tex/latex/pgf/frontendlayer\tikz.sty
(D:\LaTex\tex/latex/pgf/basiclayer\pgf.sty
(D:\LaTex\tex/latex/pgf/utilities\pgfrcs.sty
(D:\LaTex\tex/generic/pgf/utilities\pgfutil-common.tex
\pgfutil@everybye=\toks21
\pgfutil@tempdima=\dimen121
\pgfutil@tempdimb=\dimen122

(D:\LaTex\tex/generic/pgf/utilities\pgfutil-common-lists.tex))
(D:\LaTex\tex/generic/pgf/utilities\pgfutil-latex.def
\pgfutil@abb=\box31

(D:\LaTex\tex/latex/ms\everyshi.sty
Package: everyshi 2001/05/15 v3.00 EveryShipout Package (MS)
))
(D:\LaTex\tex/generic/pgf/utilities\pgfrcs.code.tex
(D:\LaTex\tex/generic/pgf\pgf.revision.tex)
Package: pgfrcs 2019/08/03 v3.1.4b (3.1.4b)
))
Package: pgf 2019/08/03 v3.1.4b (3.1.4b)

(D:\LaTex\tex/latex/pgf/basiclayer\pgfcore.sty
(D:\LaTex\tex/latex/pgf/systemlayer\pgfsys.sty
(D:\LaTex\tex/generic/pgf/systemlayer\pgfsys.code.tex
Package: pgfsys 2019/08/03 v3.1.4b (3.1.4b)

(D:\LaTex\tex/generic/pgf/utilities\pgfkeys.code.tex
\pgfkeys@pathtoks=\toks22
\pgfkeys@temptoks=\toks23

(D:\LaTex\tex/generic/pgf/utilities\pgfkeysfiltered.code.tex
\pgfkeys@tmptoks=\toks24
))
\pgf@x=\dimen123
\pgf@y=\dimen124
\pgf@xa=\dimen125
\pgf@ya=\dimen126
\pgf@xb=\dimen127
\pgf@yb=\dimen128
\pgf@xc=\dimen129
\pgf@yc=\dimen130
\pgf@xd=\dimen131
\pgf@yd=\dimen132
\w@pgf@writea=\write3
\r@pgf@reada=\read1
\c@pgf@counta=\count114
\c@pgf@countb=\count115
\c@pgf@countc=\count116
\c@pgf@countd=\count117
\t@pgf@toka=\toks25
\t@pgf@tokb=\toks26
\t@pgf@tokc=\toks27
\pgf@sys@id@count=\count118

(D:\LaTex\tex/generic/pgf/systemlayer\pgf.cfg
File: pgf.cfg 2019/08/03 v3.1.4b (3.1.4b)
)
Driver file for pgf: pgfsys-pdftex.def

(D:\LaTex\tex/generic/pgf/systemlayer\pgfsys-pdftex.def
File: pgfsys-pdftex.def 2019/08/03 v3.1.4b (3.1.4b)

(D:\LaTex\tex/generic/pgf/systemlayer\pgfsys-common-pdf.def
File: pgfsys-common-pdf.def 2019/08/03 v3.1.4b (3.1.4b)
)))
(D:\LaTex\tex/generic/pgf/systemlayer\pgfsyssoftpath.code.tex
File: pgfsyssoftpath.code.tex 2019/08/03 v3.1.4b (3.1.4b)
\pgfsyssoftpath@smallbuffer@items=\count119
\pgfsyssoftpath@bigbuffer@items=\count120
)
(D:\LaTex\tex/generic/pgf/systemlayer\pgfsysprotocol.code.tex
File: pgfsysprotocol.code.tex 2019/08/03 v3.1.4b (3.1.4b)
))
(D:\LaTex\tex/latex/xcolor\xcolor.sty
Package: xcolor 2016/05/11 v2.12 LaTeX color extensions (UK)

(D:\LaTex\tex/latex/graphics-cfg\color.cfg
File: color.cfg 2016/01/02 v1.6 sample color configuration
)
Package xcolor Info: Driver file: pdftex.def on input line 225.
Package xcolor Info: Model `cmy' substituted by `cmy0' on input line 1348.
Package xcolor Info: Model `hsb' substituted by `rgb' on input line 1352.
Package xcolor Info: Model `RGB' extended on input line 1364.
Package xcolor Info: Model `HTML' substituted by `rgb' on input line 1366.
Package xcolor Info: Model `Hsb' substituted by `hsb' on input line 1367.
Package xcolor Info: Model `tHsb' substituted by `hsb' on input line 1368.
Package xcolor Info: Model `HSB' substituted by `hsb' on input line 1369.
Package xcolor Info: Model `Gray' substituted by `gray' on input line 1370.
Package xcolor Info: Model `wave' substituted by `hsb' on input line 1371.
)
(D:\LaTex\tex/generic/pgf/basiclayer\pgfcore.code.tex
Package: pgfcore 2019/08/03 v3.1.4b (3.1.4b)

(D:\LaTex\tex/generic/pgf/math\pgfmath.code.tex
(D:\LaTex\tex/generic/pgf/math\pgfmathcalc.code.tex
(D:\LaTex\tex/generic/pgf/math\pgfmathutil.code.tex)
(D:\LaTex\tex/generic/pgf/math\pgfmathparser.code.tex
\pgfmath@dimen=\dimen133
\pgfmath@count=\count121
\pgfmath@box=\box32
\pgfmath@toks=\toks28
\pgfmath@stack@operand=\toks29
\pgfmath@stack@operation=\toks30
)
(D:\LaTex\tex/generic/pgf/math\pgfmathfunctions.code.tex
(D:\LaTex\tex/generic/pgf/math\pgfmathfunctions.basic.code.tex)
(D:\LaTex\tex/generic/pgf/math\pgfmathfunctions.trigonometric.code.tex)
(D:\LaTex\tex/generic/pgf/math\pgfmathfunctions.random.code.tex)
(D:\LaTex\tex/generic/pgf/math\pgfmathfunctions.comparison.code.tex)
(D:\LaTex\tex/generic/pgf/math\pgfmathfunctions.base.code.tex)
(D:\LaTex\tex/generic/pgf/math\pgfmathfunctions.round.code.tex)
(D:\LaTex\tex/generic/pgf/math\pgfmathfunctions.misc.code.tex)
(D:\LaTex\tex/generic/pgf/math\pgfmathfunctions.integerarithmetics.code.tex)))
(D:\LaTex\tex/generic/pgf/math\pgfmathfloat.code.tex
\c@pgfmathroundto@lastzeros=\count122
))
(D:\LaTex\tex/generic/pgf/math\pgfint.code.tex)
(D:\LaTex\tex/generic/pgf/basiclayer\pgfcorepoints.code.tex
File: pgfcorepoints.code.tex 2019/08/03 v3.1.4b (3.1.4b)
\pgf@picminx=\dimen134
\pgf@picmaxx=\dimen135
\pgf@picminy=\dimen136
\pgf@picmaxy=\dimen137
\pgf@pathminx=\dimen138
\pgf@pathmaxx=\dimen139
\pgf@pathminy=\dimen140
\pgf@pathmaxy=\dimen141
\pgf@xx=\dimen142
\pgf@xy=\dimen143
\pgf@yx=\dimen144
\pgf@yy=\dimen145
\pgf@zx=\dimen146
\pgf@zy=\dimen147
)
(D:\LaTex\tex/generic/pgf/basiclayer\pgfcorepathconstruct.code.tex
File: pgfcorepathconstruct.code.tex 2019/08/03 v3.1.4b (3.1.4b)
\pgf@path@lastx=\dimen148
\pgf@path@lasty=\dimen149
)
(D:\LaTex\tex/generic/pgf/basiclayer\pgfcorepathusage.code.tex
File: pgfcorepathusage.code.tex 2019/08/03 v3.1.4b (3.1.4b)
\pgf@shorten@end@additional=\dimen150
\pgf@shorten@start@additional=\dimen151
)
(D:\LaTex\tex/generic/pgf/basiclayer\pgfcorescopes.code.tex
File: pgfcorescopes.code.tex 2019/08/03 v3.1.4b (3.1.4b)
\pgfpic=\box33
\pgf@hbox=\box34
\pgf@layerbox@main=\box35
\pgf@picture@serial@count=\count123
)
(D:\LaTex\tex/generic/pgf/basiclayer\pgfcoregraphicstate.code.tex
File: pgfcoregraphicstate.code.tex 2019/08/03 v3.1.4b (3.1.4b)
\pgflinewidth=\dimen152
)
(D:\LaTex\tex/generic/pgf/basiclayer\pgfcoretransformations.code.tex
File: pgfcoretransformations.code.tex 2019/08/03 v3.1.4b (3.1.4b)
\pgf@pt@x=\dimen153
\pgf@pt@y=\dimen154
\pgf@pt@temp=\dimen155
)
(D:\LaTex\tex/generic/pgf/basiclayer\pgfcorequick.code.tex
File: pgfcorequick.code.tex 2019/08/03 v3.1.4b (3.1.4b)
)
(D:\LaTex\tex/generic/pgf/basiclayer\pgfcoreobjects.code.tex
File: pgfcoreobjects.code.tex 2019/08/03 v3.1.4b (3.1.4b)
)
(D:\LaTex\tex/generic/pgf/basiclayer\pgfcorepathprocessing.code.tex
File: pgfcorepathprocessing.code.tex 2019/08/03 v3.1.4b (3.1.4b)
)
(D:\LaTex\tex/generic/pgf/basiclayer\pgfcorearrows.code.tex
File: pgfcorearrows.code.tex 2019/08/03 v3.1.4b (3.1.4b)
\pgfarrowsep=\dimen156
)
(D:\LaTex\tex/generic/pgf/basiclayer\pgfcoreshade.code.tex
File: pgfcoreshade.code.tex 2019/08/03 v3.1.4b (3.1.4b)
\pgf@max=\dimen157
\pgf@sys@shading@range@num=\count124
\pgf@shadingcount=\count125
)
(D:\LaTex\tex/generic/pgf/basiclayer\pgfcoreimage.code.tex
File: pgfcoreimage.code.tex 2019/08/03 v3.1.4b (3.1.4b)

(D:\LaTex\tex/generic/pgf/basiclayer\pgfcoreexternal.code.tex
File: pgfcoreexternal.code.tex 2019/08/03 v3.1.4b (3.1.4b)
\pgfexternal@startupbox=\box36
))
(D:\LaTex\tex/generic/pgf/basiclayer\pgfcorelayers.code.tex
File: pgfcorelayers.code.tex 2019/08/03 v3.1.4b (3.1.4b)
)
(D:\LaTex\tex/generic/pgf/basiclayer\pgfcoretransparency.code.tex
File: pgfcoretransparency.code.tex 2019/08/03 v3.1.4b (3.1.4b)
)
(D:\LaTex\tex/generic/pgf/basiclayer\pgfcorepatterns.code.tex
File: pgfcorepatterns.code.tex 2019/08/03 v3.1.4b (3.1.4b)
)
(D:\LaTex\tex/generic/pgf/basiclayer\pgfcorerdf.code.tex
File: pgfcorerdf.code.tex 2019/08/03 v3.1.4b (3.1.4b)
)))
(D:\LaTex\tex/generic/pgf/modules\pgfmoduleshapes.code.tex
File: pgfmoduleshapes.code.tex 2019/08/03 v3.1.4b (3.1.4b)
\pgfnodeparttextbox=\box37
)
(D:\LaTex\tex/generic/pgf/modules\pgfmoduleplot.code.tex
File: pgfmoduleplot.code.tex 2019/08/03 v3.1.4b (3.1.4b)
)
(D:\LaTex\tex/latex/pgf/compatibility\pgfcomp-version-0-65.sty
Package: pgfcomp-version-0-65 2019/08/03 v3.1.4b (3.1.4b)
\pgf@nodesepstart=\dimen158
\pgf@nodesepend=\dimen159
)
(D:\LaTex\tex/latex/pgf/compatibility\pgfcomp-version-1-18.sty
Package: pgfcomp-version-1-18 2019/08/03 v3.1.4b (3.1.4b)
))
(D:\LaTex\tex/latex/pgf/utilities\pgffor.sty
(D:\LaTex\tex/latex/pgf/utilities\pgfkeys.sty
(D:\LaTex\tex/generic/pgf/utilities\pgfkeys.code.tex))
(D:\LaTex\tex/latex/pgf/math\pgfmath.sty
(D:\LaTex\tex/generic/pgf/math\pgfmath.code.tex))
(D:\LaTex\tex/generic/pgf/utilities\pgffor.code.tex
Package: pgffor 2019/08/03 v3.1.4b (3.1.4b)

(D:\LaTex\tex/generic/pgf/math\pgfmath.code.tex)
\pgffor@iter=\dimen160
\pgffor@skip=\dimen161
\pgffor@stack=\toks31
\pgffor@toks=\toks32
))
(D:\LaTex\tex/generic/pgf/frontendlayer/tikz\tikz.code.tex
Package: tikz 2019/08/03 v3.1.4b (3.1.4b)

(D:\LaTex\tex/generic/pgf/libraries\pgflibraryplothandlers.code.tex
File: pgflibraryplothandlers.code.tex 2019/08/03 v3.1.4b (3.1.4b)
\pgf@plot@mark@count=\count126
\pgfplotmarksize=\dimen162
)
\tikz@lastx=\dimen163
\tikz@lasty=\dimen164
\tikz@lastxsaved=\dimen165
\tikz@lastysaved=\dimen166
\tikz@lastmovetox=\dimen167
\tikz@lastmovetoy=\dimen168
\tikzleveldistance=\dimen169
\tikzsiblingdistance=\dimen170
\tikz@figbox=\box38
\tikz@figbox@bg=\box39
\tikz@tempbox=\box40
\tikz@tempbox@bg=\box41
\tikztreelevel=\count127
\tikznumberofchildren=\count128
\tikznumberofcurrentchild=\count129
\tikz@fig@count=\count130

(D:\LaTex\tex/generic/pgf/modules\pgfmodulematrix.code.tex
File: pgfmodulematrix.code.tex 2019/08/03 v3.1.4b (3.1.4b)
\pgfmatrixcurrentrow=\count131
\pgfmatrixcurrentcolumn=\count132
\pgf@matrix@numberofcolumns=\count133
)
\tikz@expandcount=\count134

(D:\LaTex\tex/generic/pgf/frontendlayer/tikz/libraries\tikzlibrarytopaths.code.
tex
File: tikzlibrarytopaths.code.tex 2019/08/03 v3.1.4b (3.1.4b)
)))
(D:\LaTex\tex/generic/pgf/frontendlayer/tikz/libraries\tikzlibraryshapes.geomet
ric.code.tex
File: tikzlibraryshapes.geometric.code.tex 2019/08/03 v3.1.4b (3.1.4b)

(D:\LaTex\tex/generic/pgf/libraries/shapes\pgflibraryshapes.geometric.code.tex
File: pgflibraryshapes.geometric.code.tex 2019/08/03 v3.1.4b (3.1.4b)
))
(D:\LaTex\tex/generic/pgf/frontendlayer/tikz/libraries\tikzlibraryshapes.code.t
ex
File: tikzlibraryshapes.code.tex 2019/08/03 v3.1.4b (3.1.4b)

(D:\LaTex\tex/generic/pgf/frontendlayer/tikz/libraries\tikzlibraryshapes.misc.c
ode.tex
File: tikzlibraryshapes.misc.code.tex 2019/08/03 v3.1.4b (3.1.4b)

(D:\LaTex\tex/generic/pgf/libraries/shapes\pgflibraryshapes.misc.code.tex
File: pgflibraryshapes.misc.code.tex 2019/08/03 v3.1.4b (3.1.4b)
))
(D:\LaTex\tex/generic/pgf/frontendlayer/tikz/libraries\tikzlibraryshapes.symbol
s.code.tex
File: tikzlibraryshapes.symbols.code.tex 2019/08/03 v3.1.4b (3.1.4b)

(D:\LaTex\tex/generic/pgf/libraries/shapes\pgflibraryshapes.symbols.code.tex
File: pgflibraryshapes.symbols.code.tex 2019/08/03 v3.1.4b (3.1.4b)
))
(D:\LaTex\tex/generic/pgf/frontendlayer/tikz/libraries\tikzlibraryshapes.arrows
.code.tex
File: tikzlibraryshapes.arrows.code.tex 2019/08/03 v3.1.4b (3.1.4b)

(D:\LaTex\tex/generic/pgf/libraries/shapes\pgflibraryshapes.arrows.code.tex
File: pgflibraryshapes.arrows.code.tex 2019/08/03 v3.1.4b (3.1.4b)
))
(D:\LaTex\tex/generic/pgf/frontendlayer/tikz/libraries\tikzlibraryshapes.callou
ts.code.tex
(D:\LaTex\tex/generic/pgf/libraries/shapes\pgflibraryshapes.callouts.code.tex))

(D:\LaTex\tex/generic/pgf/frontendlayer/tikz/libraries\tikzlibraryshapes.multip
art.code.tex
File: tikzlibraryshapes.multipart.code.tex 2019/08/03 v3.1.4b (3.1.4b)

(D:\LaTex\tex/generic/pgf/libraries/shapes\pgflibraryshapes.multipart.code.tex
File: pgflibraryshapes.multipart.code.tex 2019/08/03 v3.1.4b (3.1.4b)
\pgfnodepartlowerbox=\box42
\pgfnodeparttwobox=\box43
\pgfnodepartthreebox=\box44
\pgfnodepartfourbox=\box45
\pgfnodeparttwentybox=\box46
\pgfnodepartnineteenbox=\box47
\pgfnodeparteighteenbox=\box48
\pgfnodepartseventeenbox=\box49
\pgfnodepartsixteenbox=\box50
\pgfnodepartfifteenbox=\box51
\pgfnodepartfourteenbox=\box52
\pgfnodepartthirteenbox=\box53
\pgfnodeparttwelvebox=\box54
\pgfnodepartelevenbox=\box55
\pgfnodeparttenbox=\box56
\pgfnodepartninebox=\box57
\pgfnodeparteightbox=\box58
\pgfnodepartsevenbox=\box59
\pgfnodepartsixbox=\box60
\pgfnodepartfivebox=\box61
)))
(D:\LaTex\tex/generic/pgf/frontendlayer/tikz/libraries\tikzlibraryarrows.code.t
ex
File: tikzlibraryarrows.code.tex 2019/08/03 v3.1.4b (3.1.4b)
 (D:\LaTex\tex/generic/pgf/libraries\pgflibraryarrows.code.tex
File: pgflibraryarrows.code.tex 2019/08/03 v3.1.4b (3.1.4b)
\arrowsize=\dimen171
))
(D:\LaTex\tex/latex/float\float.sty
Package: float 2001/11/08 v1.3d Float enhancements (AL)
\c@float@type=\count135
\float@exts=\toks33
\float@box=\box62
\@float@everytoks=\toks34
\@floatcapt=\box63
) (chp4.aux

LaTeX Warning: Label `fig:your image label' multiply defined.

)
\openout1 = `chp4.aux'.

LaTeX Font Info:    Checking defaults for OML/cmm/m/it on input line 15.
LaTeX Font Info:    ... okay on input line 15.
LaTeX Font Info:    Checking defaults for T1/cmr/m/n on input line 15.
LaTeX Font Info:    ... okay on input line 15.
LaTeX Font Info:    Checking defaults for OT1/cmr/m/n on input line 15.
LaTeX Font Info:    ... okay on input line 15.
LaTeX Font Info:    Checking defaults for OMS/cmsy/m/n on input line 15.
LaTeX Font Info:    ... okay on input line 15.
LaTeX Font Info:    Checking defaults for OMX/cmex/m/n on input line 15.
LaTeX Font Info:    ... okay on input line 15.
LaTeX Font Info:    Checking defaults for U/cmr/m/n on input line 15.
LaTeX Font Info:    ... okay on input line 15.
\c@lstlisting=\count136
 (D:\LaTex\tex/context/base/mkii\supp-pdf.mkii
[Loading MPS to PDF converter (version 2006.09.02).]
\scratchcounter=\count137
\scratchdimen=\dimen172
\scratchbox=\box64
\nofMPsegments=\count138
\nofMParguments=\count139
\everyMPshowfont=\toks35
\MPscratchCnt=\count140
\MPscratchDim=\dimen173
\MPnumerator=\count141
\makeMPintoPDFobject=\count142
\everyMPtoPDFconversion=\toks36
) (D:\LaTex\tex/latex/oberdiek\epstopdf-base.sty
Package: epstopdf-base 2016/05/15 v2.6 Base part for package epstopdf

(D:\LaTex\tex/generic/oberdiek\infwarerr.sty
Package: infwarerr 2016/05/16 v1.4 Providing info/warning/error messages (HO)
)
(D:\LaTex\tex/latex/oberdiek\grfext.sty
Package: grfext 2016/05/16 v1.2 Manage graphics extensions (HO)

(D:\LaTex\tex/generic/oberdiek\kvdefinekeys.sty
Package: kvdefinekeys 2016/05/16 v1.4 Define keys (HO)

(D:\LaTex\tex/generic/oberdiek\ltxcmds.sty
Package: ltxcmds 2016/05/16 v1.23 LaTeX kernel commands for general use (HO)
)))
(D:\LaTex\tex/latex/oberdiek\kvoptions.sty
Package: kvoptions 2016/05/16 v3.12 Key value format for package options (HO)

(D:\LaTex\tex/generic/oberdiek\kvsetkeys.sty
Package: kvsetkeys 2016/05/16 v1.17 Key value parser (HO)

(D:\LaTex\tex/generic/oberdiek\etexcmds.sty
Package: etexcmds 2016/05/16 v1.6 Avoid name clashes with e-TeX commands (HO)

(D:\LaTex\tex/generic/oberdiek\ifluatex.sty
Package: ifluatex 2016/05/16 v1.4 Provides the ifluatex switch (HO)
Package ifluatex Info: LuaTeX not detected.
))))
(D:\LaTex\tex/generic/oberdiek\pdftexcmds.sty
Package: pdftexcmds 2019/07/25 v0.30 Utility functions of pdfTeX for LuaTeX (HO
)

(D:\LaTex\tex/generic/oberdiek\ifpdf.sty
Package: ifpdf 2018/09/07 v3.3 Provides the ifpdf switch
)
Package pdftexcmds Info: LuaTeX not detected.
Package pdftexcmds Info: \pdf@primitive is available.
Package pdftexcmds Info: \pdf@ifprimitive is available.
Package pdftexcmds Info: \pdfdraftmode found.
)
Package epstopdf-base Info: Redefining graphics rule for `.eps' on input line 4
38.
Package grfext Info: Graphics extension search list:
(grfext)             [.pdf,.png,.jpg,.mps,.jpeg,.jbig2,.jb2,.PDF,.PNG,.JPG,.JPE
G,.JBIG2,.JB2,.eps]
(grfext)             \AppendGraphicsExtensions on input line 456.
)
ABD: EveryShipout initializing macros [1{C:/Users/gadum/AppData/Local/MiKTeX/2.
9/pdftex/config/pdftex.map}

]
LaTeX Font Info:    Try loading font information for OMS+cmr on input line 46.
 (D:\LaTex\tex/latex/base\omscmr.fd
File: omscmr.fd 2014/09/29 v2.5h Standard LaTeX font definitions
)
LaTeX Font Info:    Font shape `OMS/cmr/m/n' in size <12> not available
(Font)              Font shape `OMS/cmsy/m/n' tried instead on input line 46.

(convergencia_RLS_NLMS.pdf_tex
<convergencia_RLS_NLMS.pdf, id=18, page=1, 421.575pt x 316.18124pt>
File: convergencia_RLS_NLMS.pdf Graphic file (type pdf)
<use convergencia_RLS_NLMS.pdf, page 1>
Package pdftex.def Info: convergencia_RLS_NLMS.pdf , page1 used on input line 5
6.
(pdftex.def)             Requested size: 390.0pt x 292.50648pt.
<convergencia_RLS_NLMS.pdf, id=19, page=2, 421.575pt x 316.18124pt>
File: convergencia_RLS_NLMS.pdf Graphic file (type pdf)
<use convergencia_RLS_NLMS.pdf, page 2>
Package pdftex.def Info: convergencia_RLS_NLMS.pdf , page2 used on input line 5
8.
(pdftex.def)             Requested size: 390.0pt x 292.50648pt.
<convergencia_RLS_NLMS.pdf, id=20, page=3, 421.575pt x 316.18124pt>
File: convergencia_RLS_NLMS.pdf Graphic file (type pdf)
<use convergencia_RLS_NLMS.pdf, page 3>
Package pdftex.def Info: convergencia_RLS_NLMS.pdf , page3 used on input line 7
0.
(pdftex.def)             Requested size: 390.0pt x 292.50648pt.
<convergencia_RLS_NLMS.pdf, id=21, page=4, 421.575pt x 316.18124pt>
File: convergencia_RLS_NLMS.pdf Graphic file (type pdf)
<use convergencia_RLS_NLMS.pdf, page 4>
Package pdftex.def Info: convergencia_RLS_NLMS.pdf , page4 used on input line 7
6.
(pdftex.def)             Requested size: 390.0pt x 292.50648pt.
<convergencia_RLS_NLMS.pdf, id=22, page=5, 421.575pt x 316.18124pt>
File: convergencia_RLS_NLMS.pdf Graphic file (type pdf)
<use convergencia_RLS_NLMS.pdf, page 5>
Package pdftex.def Info: convergencia_RLS_NLMS.pdf , page5 used on input line 7
8.
(pdftex.def)             Requested size: 390.0pt x 292.50648pt.
<convergencia_RLS_NLMS.pdf, id=23, page=6, 421.575pt x 316.18124pt>
File: convergencia_RLS_NLMS.pdf Graphic file (type pdf)
<use convergencia_RLS_NLMS.pdf, page 6>
Package pdftex.def Info: convergencia_RLS_NLMS.pdf , page6 used on input line 8
0.
(pdftex.def)             Requested size: 390.0pt x 292.50648pt.
<convergencia_RLS_NLMS.pdf, id=24, page=7, 421.575pt x 316.18124pt>
File: convergencia_RLS_NLMS.pdf Graphic file (type pdf)
<use convergencia_RLS_NLMS.pdf, page 7>
Package pdftex.def Info: convergencia_RLS_NLMS.pdf , page7 used on input line 9
2.
(pdftex.def)             Requested size: 390.0pt x 292.50648pt.
<convergencia_RLS_NLMS.pdf, id=25, page=8, 421.575pt x 316.18124pt>
File: convergencia_RLS_NLMS.pdf Graphic file (type pdf)
<use convergencia_RLS_NLMS.pdf, page 8>
Package pdftex.def Info: convergencia_RLS_NLMS.pdf , page8 used on input line 9
8.
(pdftex.def)             Requested size: 390.0pt x 292.50648pt.
)

LaTeX Warning: `h' float specifier changed to `ht'.

(erro_RLS_NLMS.pdf_tex
<erro_RLS_NLMS.pdf, id=26, page=1, 421.575pt x 316.18124pt>
File: erro_RLS_NLMS.pdf Graphic file (type pdf)
<use erro_RLS_NLMS.pdf, page 1>
Package pdftex.def Info: erro_RLS_NLMS.pdf , page1 used on input line 56.
(pdftex.def)             Requested size: 390.0pt x 292.50648pt.
<erro_RLS_NLMS.pdf, id=27, page=2, 421.575pt x 316.18124pt>
File: erro_RLS_NLMS.pdf Graphic file (type pdf)
<use erro_RLS_NLMS.pdf, page 2>
Package pdftex.def Info: erro_RLS_NLMS.pdf , page2 used on input line 58.
(pdftex.def)             Requested size: 390.0pt x 292.50648pt.
<erro_RLS_NLMS.pdf, id=28, page=3, 421.575pt x 316.18124pt>
File: erro_RLS_NLMS.pdf Graphic file (type pdf)
<use erro_RLS_NLMS.pdf, page 3>
Package pdftex.def Info: erro_RLS_NLMS.pdf , page3 used on input line 67.
(pdftex.def)             Requested size: 390.0pt x 292.50648pt.
<erro_RLS_NLMS.pdf, id=29, page=4, 421.575pt x 316.18124pt>
File: erro_RLS_NLMS.pdf Graphic file (type pdf)
<use erro_RLS_NLMS.pdf, page 4>
Package pdftex.def Info: erro_RLS_NLMS.pdf , page4 used on input line 73.
(pdftex.def)             Requested size: 390.0pt x 292.50648pt.
<erro_RLS_NLMS.pdf, id=30, page=5, 421.575pt x 316.18124pt>
File: erro_RLS_NLMS.pdf Graphic file (type pdf)
<use erro_RLS_NLMS.pdf, page 5>
Package pdftex.def Info: erro_RLS_NLMS.pdf , page5 used on input line 75.
(pdftex.def)             Requested size: 390.0pt x 292.50648pt.
<erro_RLS_NLMS.pdf, id=31, page=6, 421.575pt x 316.18124pt>
File: erro_RLS_NLMS.pdf Graphic file (type pdf)
<use erro_RLS_NLMS.pdf, page 6>
Package pdftex.def Info: erro_RLS_NLMS.pdf , page6 used on input line 77.
(pdftex.def)             Requested size: 390.0pt x 292.50648pt.
<erro_RLS_NLMS.pdf, id=32, page=7, 421.575pt x 316.18124pt>
File: erro_RLS_NLMS.pdf Graphic file (type pdf)
<use erro_RLS_NLMS.pdf, page 7>
Package pdftex.def Info: erro_RLS_NLMS.pdf , page7 used on input line 86.
(pdftex.def)             Requested size: 390.0pt x 292.50648pt.
<erro_RLS_NLMS.pdf, id=33, page=8, 421.575pt x 316.18124pt>
File: erro_RLS_NLMS.pdf Graphic file (type pdf)
<use erro_RLS_NLMS.pdf, page 8>
Package pdftex.def Info: erro_RLS_NLMS.pdf , page8 used on input line 92.
(pdftex.def)             Requested size: 390.0pt x 292.50648pt.
<erro_RLS_NLMS.pdf, id=34, page=9, 421.575pt x 316.18124pt>
File: erro_RLS_NLMS.pdf Graphic file (type pdf)
<use erro_RLS_NLMS.pdf, page 9>
Package pdftex.def Info: erro_RLS_NLMS.pdf , page9 used on input line 94.
(pdftex.def)             Requested size: 390.0pt x 292.50648pt.
<erro_RLS_NLMS.pdf, id=35, page=10, 421.575pt x 316.18124pt>
File: erro_RLS_NLMS.pdf Graphic file (type pdf)
<use erro_RLS_NLMS.pdf, page 10>
Package pdftex.def Info: erro_RLS_NLMS.pdf , page10 used on input line 96.
(pdftex.def)             Requested size: 390.0pt x 292.50648pt.
<erro_RLS_NLMS.pdf, id=36, page=11, 421.575pt x 316.18124pt>
File: erro_RLS_NLMS.pdf Graphic file (type pdf)
<use erro_RLS_NLMS.pdf, page 11>
Package pdftex.def Info: erro_RLS_NLMS.pdf , page11 used on input line 98.
(pdftex.def)             Requested size: 390.0pt x 292.50648pt.
<erro_RLS_NLMS.pdf, id=37, page=12, 421.575pt x 316.18124pt>
File: erro_RLS_NLMS.pdf Graphic file (type pdf)
<use erro_RLS_NLMS.pdf, page 12>
Package pdftex.def Info: erro_RLS_NLMS.pdf , page12 used on input line 100.
(pdftex.def)             Requested size: 390.0pt x 292.50648pt.
)

LaTeX Warning: `h' float specifier changed to `ht'.

[2] [3 <./convergencia_RLS_NLMS.pdf> <./convergencia_RLS_NLMS.pdf

pdfTeX warning: pdflatex.exe (file ./convergencia_RLS_NLMS.pdf): PDF inclusion:
 multiple pdfs with page group included in a single page
> <./convergencia_RLS_NLMS.pdf

pdfTeX warning: pdflatex.exe (file ./convergencia_RLS_NLMS.pdf): PDF inclusion:
 multiple pdfs with page group included in a single page
> <./convergencia_RLS_NLMS.pdf

pdfTeX warning: pdflatex.exe (file ./convergencia_RLS_NLMS.pdf): PDF inclusion:
 multiple pdfs with page group included in a single page
> <./convergencia_RLS_NLMS.pdf

pdfTeX warning: pdflatex.exe (file ./convergencia_RLS_NLMS.pdf): PDF inclusion:
 multiple pdfs with page group included in a single page
> <./convergencia_RLS_NLMS.pdf

pdfTeX warning: pdflatex.exe (file ./convergencia_RLS_NLMS.pdf): PDF inclusion:
 multiple pdfs with page group included in a single page
> <./convergencia_RLS_NLMS.pdf

pdfTeX warning: pdflatex.exe (file ./convergencia_RLS_NLMS.pdf): PDF inclusion:
 multiple pdfs with page group included in a single page
> <./convergencia_RLS_NLMS.pdf

pdfTeX warning: pdflatex.exe (file ./convergencia_RLS_NLMS.pdf): PDF inclusion:
 multiple pdfs with page group included in a single page
>] [4 <./erro_RLS_NLMS.pdf> <./erro_RLS_NLMS.pdf

pdfTeX warning: pdflatex.exe (file ./erro_RLS_NLMS.pdf): PDF inclusion: multipl
e pdfs with page group included in a single page
> <./erro_RLS_NLMS.pdf

pdfTeX warning: pdflatex.exe (file ./erro_RLS_NLMS.pdf): PDF inclusion: multipl
e pdfs with page group included in a single page
> <./erro_RLS_NLMS.pdf

pdfTeX warning: pdflatex.exe (file ./erro_RLS_NLMS.pdf): PDF inclusion: multipl
e pdfs with page group included in a single page
> <./erro_RLS_NLMS.pdf

pdfTeX warning: pdflatex.exe (file ./erro_RLS_NLMS.pdf): PDF inclusion: multipl
e pdfs with page group included in a single page
> <./erro_RLS_NLMS.pdf

pdfTeX warning: pdflatex.exe (file ./erro_RLS_NLMS.pdf): PDF inclusion: multipl
e pdfs with page group included in a single page
> <./erro_RLS_NLMS.pdf

pdfTeX warning: pdflatex.exe (file ./erro_RLS_NLMS.pdf): PDF inclusion: multipl
e pdfs with page group included in a single page
> <./erro_RLS_NLMS.pdf

pdfTeX warning: pdflatex.exe (file ./erro_RLS_NLMS.pdf): PDF inclusion: multipl
e pdfs with page group included in a single page
> <./erro_RLS_NLMS.pdf

pdfTeX warning: pdflatex.exe (file ./erro_RLS_NLMS.pdf): PDF inclusion: multipl
e pdfs with page group included in a single page
> <./erro_RLS_NLMS.pdf

pdfTeX warning: pdflatex.exe (file ./erro_RLS_NLMS.pdf): PDF inclusion: multipl
e pdfs with page group included in a single page
> <./erro_RLS_NLMS.pdf

pdfTeX warning: pdflatex.exe (file ./erro_RLS_NLMS.pdf): PDF inclusion: multipl
e pdfs with page group included in a single page
> <./erro_RLS_NLMS.pdf

pdfTeX warning: pdflatex.exe (file ./erro_RLS_NLMS.pdf): PDF inclusion: multipl
e pdfs with page group included in a single page
>] (chp4.aux)

LaTeX Warning: There were multiply-defined labels.

 ) 
Here is how much of TeX's memory you used:
 16860 strings out of 492895
 341192 string characters out of 3142328
 437551 words of memory out of 3000000
 20442 multiletter control sequences out of 15000+200000
 11382 words of font info for 40 fonts, out of 3000000 for 9000
 1141 hyphenation exceptions out of 8191
 55i,14n,67p,1079b,383s stack positions out of 5000i,500n,10000p,200000b,50000s
<D:/LaTex/fonts/type1/public/amsfonts/cm/cmbx12.pfb><D:/LaTex/fonts/type1/pub
lic/amsfonts/cm/cmex10.pfb><D:/LaTex/fonts/type1/public/amsfonts/cm/cmmi12.pfb>
<D:/LaTex/fonts/type1/public/amsfonts/cm/cmmi8.pfb><D:/LaTex/fonts/type1/public
/amsfonts/cm/cmmib10.pfb><D:/LaTex/fonts/type1/public/amsfonts/cm/cmr12.pfb><D:
/LaTex/fonts/type1/public/amsfonts/cm/cmr8.pfb><D:/LaTex/fonts/type1/public/ams
fonts/cm/cmsl12.pfb><D:/LaTex/fonts/type1/public/amsfonts/cm/cmsy10.pfb><D:/LaT
ex/fonts/type1/public/amsfonts/cm/cmsy8.pfb>
Output written on chp4.pdf (4 pages, 290184 bytes).
PDF statistics:
 82 PDF objects out of 1000 (max. 8388607)
 0 named destinations out of 1000 (max. 500000)
 113 words of extra memory for PDF output out of 10000 (max. 10000000)

